;  LST file generated by mikroListExporter - v.2.0 
; Date/Time: 12/05/2020 20:17:56
;----------------------------------------------

;Address Opcode 	ASM
0x0000	0xF003EFA3  	GOTO        1862
_interrupt:
;interrupcao.c,44 :: 		void interrupt() {
0x0008	0xF01EC000  	MOVFF       R0, 30
0x000C	0xF01DC001  	MOVFF       R1, 29
0x0010	0xF01CC002  	MOVFF       R2, 28
0x0014	0xF01BC003  	MOVFF       R3, 27
0x0018	0xF01AC004  	MOVFF       R4, 26
0x001C	0xF019C005  	MOVFF       R5, 25
0x0020	0xF018C008  	MOVFF       R8, 24
0x0024	0xF017C009  	MOVFF       R9, 23
0x0028	0xF016C00A  	MOVFF       R10, 22
0x002C	0xF015C00B  	MOVFF       R11, 21
;interrupcao.c,45 :: 		if(int0if_bit)
0x0030	0xF01FCFF3  	MOVFF       PROD, 31
0x0034	0xF020CFF4  	MOVFF       PRODH, 32
0x0038	0xA2F2      	BTFSS       INT0IF_bit, 1 
0x003A	0xD004      	BRA         L_interrupt0
;interrupcao.c,47 :: 		cnt2++;
0x003C	0x4A21      	INFSNZ      _cnt2, 1 
0x003E	0x2A22      	INCF        _cnt2+1, 1 
;interrupcao.c,48 :: 		PORTA.F2 = ~PORTA.F2;
0x0040	0x7480      	BTG         PORTA, 2 
;interrupcao.c,49 :: 		int0if_bit=0;   // clear int0if_bit
0x0042	0x92F2      	BCF         INT0IF_bit, 1 
;interrupcao.c,51 :: 		}
L_interrupt0:
;interrupcao.c,53 :: 		if (TMR2IF_bit) {
0x0044	0xA29E      	BTFSS       TMR2IF_bit, 1 
0x0046	0xD023      	BRA         L_interrupt1
;interrupcao.c,54 :: 		cnt++;
0x0048	0x4A23      	INFSNZ      _cnt, 1 
0x004A	0x2A24      	INCF        _cnt+1, 1 
;interrupcao.c,55 :: 		if (cnt >= 1000) {
0x004C	0x0E80      	MOVLW       128
0x004E	0x1824      	XORWF       _cnt+1, 0 
0x0050	0x6E00      	MOVWF       R0 
0x0052	0x0E80      	MOVLW       128
0x0054	0x0A03      	XORLW       3
0x0056	0x5C00      	SUBWF       R0, 0 
0x0058	0xE102      	BNZ         L__interrupt92
0x005A	0x0EE8      	MOVLW       232
0x005C	0x5C23      	SUBWF       _cnt, 0 
L__interrupt92:
0x005E	0xE316      	BNC         L_interrupt2
;interrupcao.c,56 :: 		if (peca_por_min == 0) {
0x0060	0x0E00      	MOVLW       0
0x0062	0x1827      	XORWF       _peca_por_min+1, 0 
0x0064	0xE102      	BNZ         L__interrupt93
0x0066	0x0E00      	MOVLW       0
0x0068	0x1826      	XORWF       _peca_por_min, 0 
L__interrupt93:
0x006A	0xE10D      	BNZ         L_interrupt3
;interrupcao.c,57 :: 		peca_por_min = cnt2 * 60;
0x006C	0xF000C021  	MOVFF       _cnt2, R0
0x0070	0xF001C022  	MOVFF       _cnt2+1, R1
0x0074	0x0E3C      	MOVLW       60
0x0076	0x6E04      	MOVWF       R4 
0x0078	0x0E00      	MOVLW       0
0x007A	0x6E05      	MOVWF       R5 
0x007C	0xD8F8      	RCALL       _Mul_16x16_U
0x007E	0xF026C000  	MOVFF       R0, _peca_por_min
0x0082	0xF027C001  	MOVFF       R1, _peca_por_min+1
;interrupcao.c,59 :: 		}
L_interrupt3:
;interrupcao.c,60 :: 		PORTA.F1 = ~PORTA.F1;
0x0086	0x7280      	BTG         PORTA, 1 
;interrupcao.c,61 :: 		cnt = 0;
0x0088	0x6A23      	CLRF        _cnt 
0x008A	0x6A24      	CLRF        _cnt+1 
;interrupcao.c,62 :: 		}
L_interrupt2:
;interrupcao.c,63 :: 		TMR2IF_bit = 0;        // clear TMR2IF
0x008C	0x929E      	BCF         TMR2IF_bit, 1 
;interrupcao.c,64 :: 		}
L_interrupt1:
;interrupcao.c,65 :: 		}
L__interrupt91:
0x008E	0xFFF3C01F  	MOVFF       31, PROD
0x0092	0xFFF4C020  	MOVFF       32, PRODH
0x0096	0xF000C01E  	MOVFF       30, R0
0x009A	0xF001C01D  	MOVFF       29, R1
0x009E	0xF002C01C  	MOVFF       28, R2
0x00A2	0xF003C01B  	MOVFF       27, R3
0x00A6	0xF004C01A  	MOVFF       26, R4
0x00AA	0xF005C019  	MOVFF       25, R5
0x00AE	0xF008C018  	MOVFF       24, R8
0x00B2	0xF009C017  	MOVFF       23, R9
0x00B6	0xF00AC016  	MOVFF       22, R10
0x00BA	0xF00BC015  	MOVFF       21, R11
0x00BE	0x0011      	RETFIE      1
; end of _interrupt
_Delay_50us:
;__Lib_Delays.c,19 :: 		void Delay_50us() {
;__Lib_Delays.c,20 :: 		Delay_us(50);
0x00C0	0x0E21      	MOVLW       33
0x00C2	0x6E0D      	MOVWF       R13, 0
L_Delay_50us2:
0x00C4	0x2E0D      	DECFSZ      R13, 1, 0
0x00C6	0xD7FE      	BRA         L_Delay_50us2
;__Lib_Delays.c,21 :: 		}
0x00C8	0x0012      	RETURN      0
; end of _Delay_50us
_Div_16x16_U:
;__Lib_Math.c,102 :: 		
;__Lib_Math.c,109 :: 		
0x00CA	0x6A08      	CLRF        R8, 0
;__Lib_Math.c,110 :: 		
0x00CC	0x6A09      	CLRF        R9, 0
;__Lib_Math.c,111 :: 		
0x00CE	0x0E10      	MOVLW       16
;__Lib_Math.c,112 :: 		
0x00D0	0x6E0C      	MOVWF       R12, 0
;__Lib_Math.c,113 :: 		
0x00D2	0x3401      	RLCF        R1, 0, 0
;__Lib_Math.c,114 :: 		
0x00D4	0x3608      	RLCF        R8, 1, 0
;__Lib_Math.c,115 :: 		
0x00D6	0x3609      	RLCF        R9, 1, 0
;__Lib_Math.c,116 :: 		
0x00D8	0x5004      	MOVF        R4, 0, 0
;__Lib_Math.c,117 :: 		
0x00DA	0x5E08      	SUBWF       R8, 1, 0
;__Lib_Math.c,118 :: 		
0x00DC	0x5005      	MOVF        R5, 0, 0
;__Lib_Math.c,119 :: 		
0x00DE	0xA0D8      	BTFSS       STATUS, 0, 0
;__Lib_Math.c,120 :: 		
0x00E0	0x3C05      	INCFSZ      R5, 0, 0
;__Lib_Math.c,121 :: 		
0x00E2	0x5E09      	SUBWF       R9, 1, 0
;__Lib_Math.c,122 :: 		
0x00E4	0xB0D8      	BTFSC       STATUS, 0, 0
;__Lib_Math.c,123 :: 		
0x00E6	0xD007      	BRA         $+16
;__Lib_Math.c,124 :: 		
0x00E8	0x5004      	MOVF        R4, 0, 0
;__Lib_Math.c,125 :: 		
0x00EA	0x2608      	ADDWF       R8, 1, 0
;__Lib_Math.c,126 :: 		
0x00EC	0x5005      	MOVF        R5, 0, 0
;__Lib_Math.c,127 :: 		
0x00EE	0xB0D8      	BTFSC       STATUS, 0, 0
;__Lib_Math.c,128 :: 		
0x00F0	0x3C05      	INCFSZ      R5, 0, 0
;__Lib_Math.c,129 :: 		
0x00F2	0x2609      	ADDWF       R9, 1, 0
;__Lib_Math.c,130 :: 		
0x00F4	0x90D8      	BCF         STATUS, 0, 0
;__Lib_Math.c,131 :: 		
0x00F6	0x3600      	RLCF        R0, 1, 0
;__Lib_Math.c,132 :: 		
0x00F8	0x3601      	RLCF        R1, 1, 0
;__Lib_Math.c,133 :: 		
0x00FA	0x2E0C      	DECFSZ      R12, 1, 0
;__Lib_Math.c,134 :: 		
0x00FC	0xD7EA      	BRA         $-42
;__Lib_Math.c,136 :: 		
0x00FE	0x0012      	RETURN      0
; end of _Div_16x16_U
_Delay_1us:
;__Lib_Delays.c,7 :: 		void Delay_1us() {
;__Lib_Delays.c,8 :: 		Delay_us(1);
0x0100	0x0000      	NOP
0x0102	0x0000      	NOP
;__Lib_Delays.c,9 :: 		}
0x0104	0x0012      	RETURN      0
; end of _Delay_1us
_Delay_5500us:
;__Lib_Delays.c,31 :: 		void Delay_5500us() {
;__Lib_Delays.c,32 :: 		Delay_us(5500);
0x0106	0x0E0F      	MOVLW       15
0x0108	0x6E0C      	MOVWF       R12, 0
0x010A	0x0E47      	MOVLW       71
0x010C	0x6E0D      	MOVWF       R13, 0
L_Delay_5500us5:
0x010E	0x2E0D      	DECFSZ      R13, 1, 0
0x0110	0xD7FE      	BRA         L_Delay_5500us5
0x0112	0x2E0C      	DECFSZ      R12, 1, 0
0x0114	0xD7FC      	BRA         L_Delay_5500us5
0x0116	0x0000      	NOP
0x0118	0x0000      	NOP
;__Lib_Delays.c,33 :: 		}
0x011A	0x0012      	RETURN      0
; end of _Delay_5500us
_UART1_Write:
;__Lib_UART_c67.c,59 :: 		
;__Lib_UART_c67.c,60 :: 		
L_UART1_Write3:
0x011C	0xB2AC      	BTFSC       TXSTA, 1 
0x011E	0xD002      	BRA         L_UART1_Write4
;__Lib_UART_c67.c,61 :: 		
0x0120	0x0000      	NOP
0x0122	0xD7FC      	BRA         L_UART1_Write3
L_UART1_Write4:
;__Lib_UART_c67.c,62 :: 		
0x0124	0xFFADC0A6  	MOVFF       FARG_UART1_Write_data_, TXREG
;__Lib_UART_c67.c,63 :: 		
0x0128	0x0012      	RETURN      0
; end of _UART1_Write
_Lcd_Cmd:
;__Lib_Lcd.c,18 :: 		
;__Lib_Lcd.c,20 :: 		
0x012A	0x0100      	MOVLB       0
0x012C	0xBFA6      	BTFSC       FARG_Lcd_Cmd_out_char, 7, 1
0x012E	0xD002      	BRA         L__Lcd_Cmd20
0x0130	0x9E83      	BCF         LCD_D7, BitPos(LCD_D7+0) 
0x0132	0xD001      	BRA         L__Lcd_Cmd21
L__Lcd_Cmd20:
0x0134	0x8E83      	BSF         LCD_D7, BitPos(LCD_D7+0) 
L__Lcd_Cmd21:
;__Lib_Lcd.c,21 :: 		
0x0136	0xBDA6      	BTFSC       FARG_Lcd_Cmd_out_char, 6, 1
0x0138	0xD002      	BRA         L__Lcd_Cmd22
0x013A	0x9C83      	BCF         LCD_D6, BitPos(LCD_D6+0) 
0x013C	0xD001      	BRA         L__Lcd_Cmd23
L__Lcd_Cmd22:
0x013E	0x8C83      	BSF         LCD_D6, BitPos(LCD_D6+0) 
L__Lcd_Cmd23:
;__Lib_Lcd.c,22 :: 		
0x0140	0xBBA6      	BTFSC       FARG_Lcd_Cmd_out_char, 5, 1
0x0142	0xD002      	BRA         L__Lcd_Cmd24
0x0144	0x9A83      	BCF         LCD_D5, BitPos(LCD_D5+0) 
0x0146	0xD001      	BRA         L__Lcd_Cmd25
L__Lcd_Cmd24:
0x0148	0x8A83      	BSF         LCD_D5, BitPos(LCD_D5+0) 
L__Lcd_Cmd25:
;__Lib_Lcd.c,23 :: 		
0x014A	0xB9A6      	BTFSC       FARG_Lcd_Cmd_out_char, 4, 1
0x014C	0xD002      	BRA         L__Lcd_Cmd26
0x014E	0x9883      	BCF         LCD_D4, BitPos(LCD_D4+0) 
0x0150	0xD001      	BRA         L__Lcd_Cmd27
L__Lcd_Cmd26:
0x0152	0x8883      	BSF         LCD_D4, BitPos(LCD_D4+0) 
L__Lcd_Cmd27:
;__Lib_Lcd.c,25 :: 		
0x0154	0xB047      	BTFSC       __Lib_Lcd_cmd_status, BitPos(__Lib_Lcd_cmd_status+0) 
0x0156	0xD002      	BRA         L__Lcd_Cmd28
0x0158	0x8084      	BSF         LCD_RS, BitPos(LCD_RS+0) 
0x015A	0xD001      	BRA         L__Lcd_Cmd29
L__Lcd_Cmd28:
0x015C	0x9084      	BCF         LCD_RS, BitPos(LCD_RS+0) 
L__Lcd_Cmd29:
;__Lib_Lcd.c,28 :: 		
0x015E	0x8284      	BSF         LCD_EN, BitPos(LCD_EN+0) 
;__Lib_Lcd.c,29 :: 		
0x0160	0xDFCF      	RCALL       _Delay_1us
;__Lib_Lcd.c,30 :: 		
0x0162	0x9284      	BCF         LCD_EN, BitPos(LCD_EN+0) 
;__Lib_Lcd.c,33 :: 		
0x0164	0xB7A6      	BTFSC       FARG_Lcd_Cmd_out_char, 3, 1
0x0166	0xD002      	BRA         L__Lcd_Cmd30
0x0168	0x9E83      	BCF         LCD_D7, BitPos(LCD_D7+0) 
0x016A	0xD001      	BRA         L__Lcd_Cmd31
L__Lcd_Cmd30:
0x016C	0x8E83      	BSF         LCD_D7, BitPos(LCD_D7+0) 
L__Lcd_Cmd31:
;__Lib_Lcd.c,34 :: 		
0x016E	0xB5A6      	BTFSC       FARG_Lcd_Cmd_out_char, 2, 1
0x0170	0xD002      	BRA         L__Lcd_Cmd32
0x0172	0x9C83      	BCF         LCD_D6, BitPos(LCD_D6+0) 
0x0174	0xD001      	BRA         L__Lcd_Cmd33
L__Lcd_Cmd32:
0x0176	0x8C83      	BSF         LCD_D6, BitPos(LCD_D6+0) 
L__Lcd_Cmd33:
;__Lib_Lcd.c,35 :: 		
0x0178	0xB3A6      	BTFSC       FARG_Lcd_Cmd_out_char, 1, 1
0x017A	0xD002      	BRA         L__Lcd_Cmd34
0x017C	0x9A83      	BCF         LCD_D5, BitPos(LCD_D5+0) 
0x017E	0xD001      	BRA         L__Lcd_Cmd35
L__Lcd_Cmd34:
0x0180	0x8A83      	BSF         LCD_D5, BitPos(LCD_D5+0) 
L__Lcd_Cmd35:
;__Lib_Lcd.c,36 :: 		
0x0182	0xB1A6      	BTFSC       FARG_Lcd_Cmd_out_char, 0, 1
0x0184	0xD002      	BRA         L__Lcd_Cmd36
0x0186	0x9883      	BCF         LCD_D4, BitPos(LCD_D4+0) 
0x0188	0xD001      	BRA         L__Lcd_Cmd37
L__Lcd_Cmd36:
0x018A	0x8883      	BSF         LCD_D4, BitPos(LCD_D4+0) 
L__Lcd_Cmd37:
;__Lib_Lcd.c,38 :: 		
0x018C	0xB047      	BTFSC       __Lib_Lcd_cmd_status, BitPos(__Lib_Lcd_cmd_status+0) 
0x018E	0xD002      	BRA         L__Lcd_Cmd38
0x0190	0x8084      	BSF         LCD_RS, BitPos(LCD_RS+0) 
0x0192	0xD001      	BRA         L__Lcd_Cmd39
L__Lcd_Cmd38:
0x0194	0x9084      	BCF         LCD_RS, BitPos(LCD_RS+0) 
L__Lcd_Cmd39:
;__Lib_Lcd.c,40 :: 		
0x0196	0x8284      	BSF         LCD_EN, BitPos(LCD_EN+0) 
;__Lib_Lcd.c,41 :: 		
0x0198	0xDFB3      	RCALL       _Delay_1us
;__Lib_Lcd.c,42 :: 		
0x019A	0x9284      	BCF         LCD_EN, BitPos(LCD_EN+0) 
;__Lib_Lcd.c,44 :: 		
0x019C	0xA047      	BTFSS       __Lib_Lcd_cmd_status, BitPos(__Lib_Lcd_cmd_status+0) 
0x019E	0xD002      	BRA         L_Lcd_Cmd0
;__Lib_Lcd.c,45 :: 		
0x01A0	0xDFB2      	RCALL       _Delay_5500us
0x01A2	0xD001      	BRA         L_Lcd_Cmd1
L_Lcd_Cmd0:
;__Lib_Lcd.c,47 :: 		
0x01A4	0xDF8D      	RCALL       _Delay_50us
L_Lcd_Cmd1:
;__Lib_Lcd.c,48 :: 		
0x01A6	0x0012      	RETURN      0
; end of _Lcd_Cmd
_WordToStr:
;__Lib_Conversions.c,21 :: 		
;__Lib_Conversions.c,26 :: 		
0x01A8	0x0100      	MOVLB       0
0x01AA	0x6BAA      	CLRF        WordToStr_len_L0, 1
L_WordToStr6:
0x01AC	0x0E05      	MOVLW       5
0x01AE	0x5DAA      	SUBWF       WordToStr_len_L0, 0, 1
0x01B0	0xE20A      	BC          L_WordToStr7
;__Lib_Conversions.c,27 :: 		
0x01B2	0x51AA      	MOVF        WordToStr_len_L0, 0, 1
0x01B4	0x25A8      	ADDWF       FARG_WordToStr_output, 0, 1
0x01B6	0x6EE1      	MOVWF       FSR1L 
0x01B8	0x0E00      	MOVLW       0
0x01BA	0x21A9      	ADDWFC      FARG_WordToStr_output+1, 0, 1
0x01BC	0x6EE2      	MOVWF       FSR1H 
0x01BE	0x0E20      	MOVLW       32
0x01C0	0x6EE6      	MOVWF       POSTINC1 
;__Lib_Conversions.c,26 :: 		
0x01C2	0x2BAA      	INCF        WordToStr_len_L0, 1, 1
;__Lib_Conversions.c,27 :: 		
0x01C4	0xD7F3      	BRA         L_WordToStr6
L_WordToStr7:
;__Lib_Conversions.c,28 :: 		
0x01C6	0x51AA      	MOVF        WordToStr_len_L0, 0, 1
0x01C8	0x25A8      	ADDWF       FARG_WordToStr_output, 0, 1
0x01CA	0x6EE1      	MOVWF       FSR1L 
0x01CC	0x0E00      	MOVLW       0
0x01CE	0x21A9      	ADDWFC      FARG_WordToStr_output+1, 0, 1
0x01D0	0x6EE2      	MOVWF       FSR1H 
0x01D2	0x6AE6      	CLRF        POSTINC1 
0x01D4	0x07AA      	DECF        WordToStr_len_L0, 1, 1
;__Lib_Conversions.c,30 :: 		
L_WordToStr9:
;__Lib_Conversions.c,31 :: 		
0x01D6	0x51AA      	MOVF        WordToStr_len_L0, 0, 1
0x01D8	0x25A8      	ADDWF       FARG_WordToStr_output, 0, 1
0x01DA	0x6FAB      	MOVWF       FLOC__WordToStr, 1
0x01DC	0x0E00      	MOVLW       0
0x01DE	0x21A9      	ADDWFC      FARG_WordToStr_output+1, 0, 1
0x01E0	0x6FAC      	MOVWF       FLOC__WordToStr+1, 1
0x01E2	0x0E0A      	MOVLW       10
0x01E4	0x6E04      	MOVWF       R4 
0x01E6	0x0E00      	MOVLW       0
0x01E8	0x6E05      	MOVWF       R5 
0x01EA	0xF000C0A6  	MOVFF       FARG_WordToStr_input, R0
0x01EE	0xF001C0A7  	MOVFF       FARG_WordToStr_input+1, R1
0x01F2	0xDF6B      	RCALL       _Div_16x16_U
0x01F4	0xF000C008  	MOVFF       R8, R0
0x01F8	0xF001C009  	MOVFF       R9, R1
0x01FC	0x0E30      	MOVLW       48
0x01FE	0x2600      	ADDWF       R0, 1 
0x0200	0xFFE1C0AB  	MOVFF       FLOC__WordToStr, FSR1L
0x0204	0xFFE2C0AC  	MOVFF       FLOC__WordToStr+1, FSR1H
0x0208	0xFFE6C000  	MOVFF       R0, POSTINC1
;__Lib_Conversions.c,32 :: 		
0x020C	0x0E0A      	MOVLW       10
0x020E	0x6E04      	MOVWF       R4 
0x0210	0x0E00      	MOVLW       0
0x0212	0x6E05      	MOVWF       R5 
0x0214	0xF000C0A6  	MOVFF       FARG_WordToStr_input, R0
0x0218	0xF001C0A7  	MOVFF       FARG_WordToStr_input+1, R1
0x021C	0xDF56      	RCALL       _Div_16x16_U
0x021E	0xF0A6C000  	MOVFF       R0, FARG_WordToStr_input
0x0222	0xF0A7C001  	MOVFF       R1, FARG_WordToStr_input+1
;__Lib_Conversions.c,33 :: 		
0x0226	0x0E00      	MOVLW       0
0x0228	0x1801      	XORWF       R1, 0 
0x022A	0xE102      	BNZ         L__WordToStr63
0x022C	0x0E00      	MOVLW       0
0x022E	0x1800      	XORWF       R0, 0 
L__WordToStr63:
0x0230	0xE101      	BNZ         L_WordToStr11
;__Lib_Conversions.c,34 :: 		
0x0232	0xD002      	BRA         L_WordToStr10
L_WordToStr11:
;__Lib_Conversions.c,35 :: 		
0x0234	0x07AA      	DECF        WordToStr_len_L0, 1, 1
;__Lib_Conversions.c,36 :: 		
0x0236	0xD7CF      	BRA         L_WordToStr9
L_WordToStr10:
;__Lib_Conversions.c,37 :: 		
0x0238	0x0012      	RETURN      0
; end of _WordToStr
_UART1_Write_Text:
;__Lib_UART_c67.c,67 :: 		
;__Lib_UART_c67.c,68 :: 		
0x023A	0x0100      	MOVLB       0
0x023C	0x6B9F      	CLRF        UART1_Write_Text_counter_L0, 1
;__Lib_UART_c67.c,70 :: 		
0x023E	0xFFE9C09C  	MOVFF       FARG_UART1_Write_Text_uart_text, FSR0L
0x0242	0xFFEAC09D  	MOVFF       FARG_UART1_Write_Text_uart_text+1, FSR0H
0x0246	0xF09ECFEE  	MOVFF       POSTINC0, UART1_Write_Text_data__L0
;__Lib_UART_c67.c,71 :: 		
L_UART1_Write_Text5:
0x024A	0x519E      	MOVF        UART1_Write_Text_data__L0, 0, 1
0x024C	0x0A00      	XORLW       0
0x024E	0xE00E      	BZ          L_UART1_Write_Text6
;__Lib_UART_c67.c,72 :: 		
0x0250	0xF0A6C09E  	MOVFF       UART1_Write_Text_data__L0, FARG_UART1_Write_data_
0x0254	0xDF63      	RCALL       _UART1_Write
;__Lib_UART_c67.c,73 :: 		
0x0256	0x0100      	MOVLB       0
0x0258	0x2B9F      	INCF        UART1_Write_Text_counter_L0, 1, 1
;__Lib_UART_c67.c,74 :: 		
0x025A	0x519F      	MOVF        UART1_Write_Text_counter_L0, 0, 1
0x025C	0x259C      	ADDWF       FARG_UART1_Write_Text_uart_text, 0, 1
0x025E	0x6EE9      	MOVWF       FSR0L 
0x0260	0x0E00      	MOVLW       0
0x0262	0x219D      	ADDWFC      FARG_UART1_Write_Text_uart_text+1, 0, 1
0x0264	0x6EEA      	MOVWF       FSR0H 
0x0266	0xF09ECFEE  	MOVFF       POSTINC0, UART1_Write_Text_data__L0
;__Lib_UART_c67.c,75 :: 		
0x026A	0xD7EF      	BRA         L_UART1_Write_Text5
L_UART1_Write_Text6:
;__Lib_UART_c67.c,76 :: 		
0x026C	0x0012      	RETURN      0
; end of _UART1_Write_Text
_Mul_16x16_U:
;__Lib_Math.c,437 :: 		
;__Lib_Math.c,444 :: 		
0x026E	0x6A0B      	CLRF        R11, 0
;__Lib_Math.c,445 :: 		
0x0270	0x6A0A      	CLRF        R10, 0
;__Lib_Math.c,446 :: 		
0x0272	0x6A09      	CLRF        R9, 0
;__Lib_Math.c,447 :: 		
0x0274	0x5000      	MOVF        R0, 0, 0
;__Lib_Math.c,448 :: 		
0x0276	0x0204      	MULWF       R4, 0
;__Lib_Math.c,450 :: 		
0x0278	0xF009CFF4  	MOVFF       PRODH, R9
;__Lib_Math.c,451 :: 		
0x027C	0xF008CFF3  	MOVFF       PRODL, R8
;__Lib_Math.c,452 :: 		
0x0280	0x5001      	MOVF        R1, 0, 0
;__Lib_Math.c,453 :: 		
0x0282	0x0205      	MULWF       R5, 0
;__Lib_Math.c,455 :: 		
0x0284	0xF00BCFF4  	MOVFF       PRODH, R11
;__Lib_Math.c,456 :: 		
0x0288	0xF00ACFF3  	MOVFF       PRODL, R10
;__Lib_Math.c,457 :: 		
0x028C	0x5000      	MOVF        R0, 0, 0
;__Lib_Math.c,458 :: 		
0x028E	0x0205      	MULWF       R5, 0
;__Lib_Math.c,460 :: 		
0x0290	0x50F3      	MOVF        PRODL, 0, 0
;__Lib_Math.c,461 :: 		
0x0292	0x2609      	ADDWF       R9, 1, 0
;__Lib_Math.c,462 :: 		
0x0294	0x50F4      	MOVF        PRODH, 0, 0
;__Lib_Math.c,463 :: 		
0x0296	0x220A      	ADDWFC      R10, 1, 0
;__Lib_Math.c,464 :: 		
0x0298	0x6AE8      	CLRF        WREG, 0
;__Lib_Math.c,465 :: 		
0x029A	0x220B      	ADDWFC      R11, 1, 0
;__Lib_Math.c,466 :: 		
0x029C	0x5001      	MOVF        R1, 0, 0
;__Lib_Math.c,467 :: 		
0x029E	0x0204      	MULWF       R4, 0
;__Lib_Math.c,469 :: 		
0x02A0	0x50F3      	MOVF        PRODL, 0, 0
;__Lib_Math.c,470 :: 		
0x02A2	0x2609      	ADDWF       R9, 1, 0
;__Lib_Math.c,471 :: 		
0x02A4	0x50F4      	MOVF        PRODH, 0, 0
;__Lib_Math.c,472 :: 		
0x02A6	0x220A      	ADDWFC      R10, 1, 0
;__Lib_Math.c,473 :: 		
0x02A8	0x6AE8      	CLRF        WREG, 0
;__Lib_Math.c,474 :: 		
0x02AA	0x220B      	ADDWFC      R11, 1, 0
;__Lib_Math.c,476 :: 		
0x02AC	0xF000C008  	MOVFF       R8, R0
;__Lib_Math.c,477 :: 		
0x02B0	0xF001C009  	MOVFF       R9, R1
;__Lib_Math.c,478 :: 		
0x02B4	0xF002C00A  	MOVFF       R10, R2
;__Lib_Math.c,479 :: 		
0x02B8	0xF003C00B  	MOVFF       R11, R3
;__Lib_Math.c,482 :: 		
0x02BC	0x0012      	RETURN      0
; end of _Mul_16x16_U
_IntToStr:
;__Lib_Conversions.c,69 :: 		
;__Lib_Conversions.c,75 :: 		
0x02BE	0x0100      	MOVLB       0
0x02C0	0x6BA2      	CLRF        IntToStr_negative_L0, 1
0x02C2	0x6BA3      	CLRF        IntToStr_negative_L0+1, 1
;__Lib_Conversions.c,76 :: 		
0x02C4	0xF0A4C09C  	MOVFF       FARG_IntToStr_input, IntToStr_inword_L0
0x02C8	0xF0A5C09D  	MOVFF       FARG_IntToStr_input+1, IntToStr_inword_L0+1
;__Lib_Conversions.c,77 :: 		
0x02CC	0x0E80      	MOVLW       128
0x02CE	0x199D      	XORWF       FARG_IntToStr_input+1, 0, 1
0x02D0	0x6E00      	MOVWF       R0 
0x02D2	0x0E80      	MOVLW       128
0x02D4	0x5C00      	SUBWF       R0, 0 
0x02D6	0xE102      	BNZ         L__IntToStr65
0x02D8	0x0E00      	MOVLW       0
0x02DA	0x5D9C      	SUBWF       FARG_IntToStr_input, 0, 1
L__IntToStr65:
0x02DC	0xE20B      	BC          L_IntToStr18
;__Lib_Conversions.c,78 :: 		
0x02DE	0x0E01      	MOVLW       1
0x02E0	0x6FA2      	MOVWF       IntToStr_negative_L0, 1
0x02E2	0x0E00      	MOVLW       0
0x02E4	0x6FA3      	MOVWF       IntToStr_negative_L0+1, 1
;__Lib_Conversions.c,79 :: 		
0x02E6	0x519C      	MOVF        FARG_IntToStr_input, 0, 1
0x02E8	0x0800      	SUBLW       0
0x02EA	0x6FA4      	MOVWF       IntToStr_inword_L0, 1
0x02EC	0xF0A5C09D  	MOVFF       FARG_IntToStr_input+1, IntToStr_inword_L0+1
0x02F0	0x0E00      	MOVLW       0
0x02F2	0x57A5      	SUBFWB      IntToStr_inword_L0+1, 1, 1
;__Lib_Conversions.c,80 :: 		
L_IntToStr18:
;__Lib_Conversions.c,81 :: 		
0x02F4	0xF0A6C0A4  	MOVFF       IntToStr_inword_L0, FARG_WordToStr_input
0x02F8	0xF0A7C0A5  	MOVFF       IntToStr_inword_L0+1, FARG_WordToStr_input+1
0x02FC	0xF0A8C09E  	MOVFF       FARG_IntToStr_output, FARG_WordToStr_output
0x0300	0xF0A9C09F  	MOVFF       FARG_IntToStr_output+1, FARG_WordToStr_output+1
0x0304	0xDF51      	RCALL       _WordToStr
;__Lib_Conversions.c,83 :: 		
0x0306	0x0E06      	MOVLW       6
0x0308	0x6FA0      	MOVWF       IntToStr_i_L0, 1
0x030A	0x0E00      	MOVLW       0
0x030C	0x6FA1      	MOVWF       IntToStr_i_L0+1, 1
;__Lib_Conversions.c,84 :: 		
L_IntToStr19:
0x030E	0x0E00      	MOVLW       0
0x0310	0x6E00      	MOVWF       R0 
0x0312	0x51A1      	MOVF        IntToStr_i_L0+1, 0, 1
0x0314	0x5C00      	SUBWF       R0, 0 
0x0316	0xE102      	BNZ         L__IntToStr66
0x0318	0x51A0      	MOVF        IntToStr_i_L0, 0, 1
0x031A	0x0800      	SUBLW       0
L__IntToStr66:
0x031C	0xE219      	BC          L_IntToStr20
;__Lib_Conversions.c,85 :: 		
0x031E	0x51A0      	MOVF        IntToStr_i_L0, 0, 1
0x0320	0x259E      	ADDWF       FARG_IntToStr_output, 0, 1
0x0322	0x6EE1      	MOVWF       FSR1L 
0x0324	0x51A1      	MOVF        IntToStr_i_L0+1, 0, 1
0x0326	0x219F      	ADDWFC      FARG_IntToStr_output+1, 0, 1
0x0328	0x6EE2      	MOVWF       FSR1H 
0x032A	0x0E01      	MOVLW       1
0x032C	0x5DA0      	SUBWF       IntToStr_i_L0, 0, 1
0x032E	0x6E00      	MOVWF       R0 
0x0330	0x0E00      	MOVLW       0
0x0332	0x59A1      	SUBWFB      IntToStr_i_L0+1, 0, 1
0x0334	0x6E01      	MOVWF       R1 
0x0336	0x5000      	MOVF        R0, 0 
0x0338	0x259E      	ADDWF       FARG_IntToStr_output, 0, 1
0x033A	0x6EE9      	MOVWF       FSR0L 
0x033C	0x5001      	MOVF        R1, 0 
0x033E	0x219F      	ADDWFC      FARG_IntToStr_output+1, 0, 1
0x0340	0x6EEA      	MOVWF       FSR0H 
0x0342	0xFFE6CFEE  	MOVFF       POSTINC0, POSTINC1
;__Lib_Conversions.c,86 :: 		
0x0346	0x0E01      	MOVLW       1
0x0348	0x5FA0      	SUBWF       IntToStr_i_L0, 1, 1
0x034A	0x0E00      	MOVLW       0
0x034C	0x5BA1      	SUBWFB      IntToStr_i_L0+1, 1, 1
;__Lib_Conversions.c,87 :: 		
0x034E	0xD7DF      	BRA         L_IntToStr19
L_IntToStr20:
;__Lib_Conversions.c,88 :: 		
0x0350	0xFFE1C09E  	MOVFF       FARG_IntToStr_output, FSR1L
0x0354	0xFFE2C09F  	MOVFF       FARG_IntToStr_output+1, FSR1H
0x0358	0x0E20      	MOVLW       32
0x035A	0x6EE6      	MOVWF       POSTINC1 
;__Lib_Conversions.c,89 :: 		
0x035C	0x51A2      	MOVF        IntToStr_negative_L0, 0, 1
0x035E	0x11A3      	IORWF       IntToStr_negative_L0+1, 0, 1
0x0360	0xE01A      	BZ          L_IntToStr21
;__Lib_Conversions.c,90 :: 		
0x0362	0x6BA0      	CLRF        IntToStr_i_L0, 1
0x0364	0x6BA1      	CLRF        IntToStr_i_L0+1, 1
;__Lib_Conversions.c,91 :: 		
L_IntToStr22:
0x0366	0x51A0      	MOVF        IntToStr_i_L0, 0, 1
0x0368	0x259E      	ADDWF       FARG_IntToStr_output, 0, 1
0x036A	0x6EE9      	MOVWF       FSR0L 
0x036C	0x51A1      	MOVF        IntToStr_i_L0+1, 0, 1
0x036E	0x219F      	ADDWFC      FARG_IntToStr_output+1, 0, 1
0x0370	0x6EEA      	MOVWF       FSR0H 
0x0372	0x50EE      	MOVF        POSTINC0, 0 
0x0374	0x0A20      	XORLW       32
0x0376	0xE103      	BNZ         L_IntToStr23
0x0378	0x4BA0      	INFSNZ      IntToStr_i_L0, 1, 1
0x037A	0x2BA1      	INCF        IntToStr_i_L0+1, 1, 1
0x037C	0xD7F4      	BRA         L_IntToStr22
L_IntToStr23:
;__Lib_Conversions.c,92 :: 		
0x037E	0x0E01      	MOVLW       1
0x0380	0x5FA0      	SUBWF       IntToStr_i_L0, 1, 1
0x0382	0x0E00      	MOVLW       0
0x0384	0x5BA1      	SUBWFB      IntToStr_i_L0+1, 1, 1
;__Lib_Conversions.c,93 :: 		
0x0386	0x51A0      	MOVF        IntToStr_i_L0, 0, 1
0x0388	0x259E      	ADDWF       FARG_IntToStr_output, 0, 1
0x038A	0x6EE1      	MOVWF       FSR1L 
0x038C	0x51A1      	MOVF        IntToStr_i_L0+1, 0, 1
0x038E	0x219F      	ADDWFC      FARG_IntToStr_output+1, 0, 1
0x0390	0x6EE2      	MOVWF       FSR1H 
0x0392	0x0E2D      	MOVLW       45
0x0394	0x6EE6      	MOVWF       POSTINC1 
L_IntToStr21:
;__Lib_Conversions.c,94 :: 		
0x0396	0x0012      	RETURN      0
; end of _IntToStr
_Lcd_Chr:
;__Lib_Lcd.c,65 :: 		
;__Lib_Lcd.c,66 :: 		
0x0398	0xD010      	BRA         L_Lcd_Chr4
;__Lib_Lcd.c,67 :: 		
L_Lcd_Chr6:
0x039A	0x0E80      	MOVLW       128
0x039C	0x0100      	MOVLB       0
0x039E	0x6F9C      	MOVWF       FARG_Lcd_Chr_row, 1
0x03A0	0xD01A      	BRA         L_Lcd_Chr5
;__Lib_Lcd.c,68 :: 		
L_Lcd_Chr7:
0x03A2	0x0EC0      	MOVLW       192
0x03A4	0x6F9C      	MOVWF       FARG_Lcd_Chr_row, 1
0x03A6	0xD017      	BRA         L_Lcd_Chr5
;__Lib_Lcd.c,69 :: 		
L_Lcd_Chr8:
0x03A8	0x0E94      	MOVLW       148
0x03AA	0x6F9C      	MOVWF       FARG_Lcd_Chr_row, 1
0x03AC	0xD014      	BRA         L_Lcd_Chr5
;__Lib_Lcd.c,70 :: 		
L_Lcd_Chr9:
0x03AE	0x0ED4      	MOVLW       212
0x03B0	0x6F9C      	MOVWF       FARG_Lcd_Chr_row, 1
0x03B2	0xD011      	BRA         L_Lcd_Chr5
;__Lib_Lcd.c,71 :: 		
L_Lcd_Chr10:
0x03B4	0x0E80      	MOVLW       128
0x03B6	0x6F9C      	MOVWF       FARG_Lcd_Chr_row, 1
;__Lib_Lcd.c,72 :: 		
0x03B8	0xD00E      	BRA         L_Lcd_Chr5
L_Lcd_Chr4:
0x03BA	0x0100      	MOVLB       0
0x03BC	0x519C      	MOVF        FARG_Lcd_Chr_row, 0, 1
0x03BE	0x0A01      	XORLW       1
0x03C0	0xE0EC      	BZ          L_Lcd_Chr6
0x03C2	0x519C      	MOVF        FARG_Lcd_Chr_row, 0, 1
0x03C4	0x0A02      	XORLW       2
0x03C6	0xE0ED      	BZ          L_Lcd_Chr7
0x03C8	0x519C      	MOVF        FARG_Lcd_Chr_row, 0, 1
0x03CA	0x0A03      	XORLW       3
0x03CC	0xE0ED      	BZ          L_Lcd_Chr8
0x03CE	0x519C      	MOVF        FARG_Lcd_Chr_row, 0, 1
0x03D0	0x0A04      	XORLW       4
0x03D2	0xE0ED      	BZ          L_Lcd_Chr9
0x03D4	0xD7EF      	BRA         L_Lcd_Chr10
L_Lcd_Chr5:
;__Lib_Lcd.c,74 :: 		
0x03D6	0x059D      	DECF        FARG_Lcd_Chr_column, 0, 1
0x03D8	0x6E00      	MOVWF       R0 
0x03DA	0x519C      	MOVF        FARG_Lcd_Chr_row, 0, 1
0x03DC	0x2600      	ADDWF       R0, 1 
0x03DE	0xF09CC000  	MOVFF       R0, FARG_Lcd_Chr_row
;__Lib_Lcd.c,76 :: 		
0x03E2	0x8047      	BSF         __Lib_Lcd_cmd_status, BitPos(__Lib_Lcd_cmd_status+0) 
;__Lib_Lcd.c,77 :: 		
0x03E4	0xF0A6C000  	MOVFF       R0, FARG_Lcd_Cmd_out_char
0x03E8	0xDEA0      	RCALL       _Lcd_Cmd
;__Lib_Lcd.c,79 :: 		
0x03EA	0x9047      	BCF         __Lib_Lcd_cmd_status, BitPos(__Lib_Lcd_cmd_status+0) 
;__Lib_Lcd.c,80 :: 		
0x03EC	0xF0A6C09E  	MOVFF       FARG_Lcd_Chr_out_char, FARG_Lcd_Cmd_out_char
0x03F0	0xDE9C      	RCALL       _Lcd_Cmd
;__Lib_Lcd.c,81 :: 		
0x03F2	0x8047      	BSF         __Lib_Lcd_cmd_status, BitPos(__Lib_Lcd_cmd_status+0) 
;__Lib_Lcd.c,82 :: 		
0x03F4	0x0012      	RETURN      0
; end of _Lcd_Chr
_Lcd_Chr_CP:
;__Lib_Lcd.c,50 :: 		
;__Lib_Lcd.c,52 :: 		
0x03F6	0x9047      	BCF         __Lib_Lcd_cmd_status, BitPos(__Lib_Lcd_cmd_status+0) 
;__Lib_Lcd.c,53 :: 		
0x03F8	0xF0A6C09C  	MOVFF       FARG_Lcd_Chr_CP_out_char, FARG_Lcd_Cmd_out_char
0x03FC	0xDE96      	RCALL       _Lcd_Cmd
;__Lib_Lcd.c,54 :: 		
0x03FE	0x8047      	BSF         __Lib_Lcd_cmd_status, BitPos(__Lib_Lcd_cmd_status+0) 
;__Lib_Lcd.c,55 :: 		
0x0400	0x0012      	RETURN      0
; end of _Lcd_Chr_CP
_Lcd_Init:
;__Lib_Lcd.c,84 :: 		
;__Lib_Lcd.c,86 :: 		
0x0402	0x9296      	BCF         LCD_EN_Direction, BitPos(LCD_EN_Direction+0) 
;__Lib_Lcd.c,87 :: 		
0x0404	0x9096      	BCF         LCD_RS_Direction, BitPos(LCD_RS_Direction+0) 
;__Lib_Lcd.c,88 :: 		
0x0406	0x9895      	BCF         LCD_D4_Direction, BitPos(LCD_D4_Direction+0) 
;__Lib_Lcd.c,89 :: 		
0x0408	0x9A95      	BCF         LCD_D5_Direction, BitPos(LCD_D5_Direction+0) 
;__Lib_Lcd.c,90 :: 		
0x040A	0x9C95      	BCF         LCD_D6_Direction, BitPos(LCD_D6_Direction+0) 
;__Lib_Lcd.c,91 :: 		
0x040C	0x9E95      	BCF         LCD_D7_Direction, BitPos(LCD_D7_Direction+0) 
;__Lib_Lcd.c,93 :: 		
0x040E	0x9284      	BCF         LCD_EN, BitPos(LCD_EN+0) 
;__Lib_Lcd.c,94 :: 		
0x0410	0x9084      	BCF         LCD_RS, BitPos(LCD_RS+0) 
;__Lib_Lcd.c,95 :: 		
0x0412	0x9E83      	BCF         LCD_D7, BitPos(LCD_D7+0) 
;__Lib_Lcd.c,96 :: 		
0x0414	0x9C83      	BCF         LCD_D6, BitPos(LCD_D6+0) 
;__Lib_Lcd.c,97 :: 		
0x0416	0x9A83      	BCF         LCD_D5, BitPos(LCD_D5+0) 
;__Lib_Lcd.c,98 :: 		
0x0418	0x9883      	BCF         LCD_D4, BitPos(LCD_D4+0) 
;__Lib_Lcd.c,100 :: 		
0x041A	0xDE75      	RCALL       _Delay_5500us
;__Lib_Lcd.c,101 :: 		
0x041C	0xDE74      	RCALL       _Delay_5500us
;__Lib_Lcd.c,102 :: 		
0x041E	0xDE73      	RCALL       _Delay_5500us
;__Lib_Lcd.c,105 :: 		
0x0420	0x8A83      	BSF         LCD_D5, BitPos(LCD_D5+0) 
;__Lib_Lcd.c,106 :: 		
0x0422	0x8883      	BSF         LCD_D4, BitPos(LCD_D4+0) 
;__Lib_Lcd.c,107 :: 		
0x0424	0x8284      	BSF         LCD_EN, BitPos(LCD_EN+0) 
;__Lib_Lcd.c,108 :: 		
0x0426	0xDE6C      	RCALL       _Delay_1us
;__Lib_Lcd.c,109 :: 		
0x0428	0x9284      	BCF         LCD_EN, BitPos(LCD_EN+0) 
;__Lib_Lcd.c,110 :: 		
0x042A	0xDE6D      	RCALL       _Delay_5500us
;__Lib_Lcd.c,112 :: 		
0x042C	0x8284      	BSF         LCD_EN, BitPos(LCD_EN+0) 
;__Lib_Lcd.c,113 :: 		
0x042E	0xDE68      	RCALL       _Delay_1us
;__Lib_Lcd.c,114 :: 		
0x0430	0x9284      	BCF         LCD_EN, BitPos(LCD_EN+0) 
;__Lib_Lcd.c,115 :: 		
0x0432	0xDE69      	RCALL       _Delay_5500us
;__Lib_Lcd.c,117 :: 		
0x0434	0x8284      	BSF         LCD_EN, BitPos(LCD_EN+0) 
;__Lib_Lcd.c,118 :: 		
0x0436	0xDE64      	RCALL       _Delay_1us
;__Lib_Lcd.c,119 :: 		
0x0438	0x9284      	BCF         LCD_EN, BitPos(LCD_EN+0) 
;__Lib_Lcd.c,120 :: 		
0x043A	0xDE65      	RCALL       _Delay_5500us
;__Lib_Lcd.c,123 :: 		
0x043C	0x9883      	BCF         LCD_D4, BitPos(LCD_D4+0) 
;__Lib_Lcd.c,124 :: 		
0x043E	0x8284      	BSF         LCD_EN, BitPos(LCD_EN+0) 
;__Lib_Lcd.c,125 :: 		
0x0440	0xDE5F      	RCALL       _Delay_1us
;__Lib_Lcd.c,126 :: 		
0x0442	0x9284      	BCF         LCD_EN, BitPos(LCD_EN+0) 
;__Lib_Lcd.c,127 :: 		
0x0444	0xDE60      	RCALL       _Delay_5500us
;__Lib_Lcd.c,130 :: 		
0x0446	0x8284      	BSF         LCD_EN, BitPos(LCD_EN+0) 
;__Lib_Lcd.c,131 :: 		
0x0448	0xDE5B      	RCALL       _Delay_1us
;__Lib_Lcd.c,132 :: 		
0x044A	0x9284      	BCF         LCD_EN, BitPos(LCD_EN+0) 
;__Lib_Lcd.c,134 :: 		
0x044C	0x9A83      	BCF         LCD_D5, BitPos(LCD_D5+0) 
;__Lib_Lcd.c,135 :: 		
0x044E	0x8E83      	BSF         LCD_D7, BitPos(LCD_D7+0) 
;__Lib_Lcd.c,136 :: 		
0x0450	0x8284      	BSF         LCD_EN, BitPos(LCD_EN+0) 
;__Lib_Lcd.c,137 :: 		
0x0452	0xDE56      	RCALL       _Delay_1us
;__Lib_Lcd.c,138 :: 		
0x0454	0x9284      	BCF         LCD_EN, BitPos(LCD_EN+0) 
;__Lib_Lcd.c,139 :: 		
0x0456	0xDE57      	RCALL       _Delay_5500us
;__Lib_Lcd.c,142 :: 		
0x0458	0x9E83      	BCF         LCD_D7, BitPos(LCD_D7+0) 
;__Lib_Lcd.c,143 :: 		
0x045A	0x8883      	BSF         LCD_D4, BitPos(LCD_D4+0) 
;__Lib_Lcd.c,144 :: 		
0x045C	0x8284      	BSF         LCD_EN, BitPos(LCD_EN+0) 
;__Lib_Lcd.c,145 :: 		
0x045E	0xDE50      	RCALL       _Delay_1us
;__Lib_Lcd.c,146 :: 		
0x0460	0x9284      	BCF         LCD_EN, BitPos(LCD_EN+0) 
;__Lib_Lcd.c,148 :: 		
0x0462	0x9883      	BCF         LCD_D4, BitPos(LCD_D4+0) 
;__Lib_Lcd.c,149 :: 		
0x0464	0x8284      	BSF         LCD_EN, BitPos(LCD_EN+0) 
;__Lib_Lcd.c,150 :: 		
0x0466	0xDE4C      	RCALL       _Delay_1us
;__Lib_Lcd.c,151 :: 		
0x0468	0x9284      	BCF         LCD_EN, BitPos(LCD_EN+0) 
;__Lib_Lcd.c,152 :: 		
0x046A	0xDE4D      	RCALL       _Delay_5500us
;__Lib_Lcd.c,155 :: 		
0x046C	0x8284      	BSF         LCD_EN, BitPos(LCD_EN+0) 
;__Lib_Lcd.c,156 :: 		
0x046E	0xDE48      	RCALL       _Delay_1us
;__Lib_Lcd.c,157 :: 		
0x0470	0x9284      	BCF         LCD_EN, BitPos(LCD_EN+0) 
;__Lib_Lcd.c,159 :: 		
0x0472	0x8883      	BSF         LCD_D4, BitPos(LCD_D4+0) 
;__Lib_Lcd.c,160 :: 		
0x0474	0x8284      	BSF         LCD_EN, BitPos(LCD_EN+0) 
;__Lib_Lcd.c,161 :: 		
0x0476	0xDE44      	RCALL       _Delay_1us
;__Lib_Lcd.c,162 :: 		
0x0478	0x9284      	BCF         LCD_EN, BitPos(LCD_EN+0) 
;__Lib_Lcd.c,163 :: 		
0x047A	0xDE45      	RCALL       _Delay_5500us
;__Lib_Lcd.c,166 :: 		
0x047C	0x9883      	BCF         LCD_D4, BitPos(LCD_D4+0) 
;__Lib_Lcd.c,167 :: 		
0x047E	0x8284      	BSF         LCD_EN, BitPos(LCD_EN+0) 
;__Lib_Lcd.c,168 :: 		
0x0480	0xDE3F      	RCALL       _Delay_1us
;__Lib_Lcd.c,169 :: 		
0x0482	0x9284      	BCF         LCD_EN, BitPos(LCD_EN+0) 
;__Lib_Lcd.c,171 :: 		
0x0484	0x8E83      	BSF         LCD_D7, BitPos(LCD_D7+0) 
;__Lib_Lcd.c,172 :: 		
0x0486	0x8C83      	BSF         LCD_D6, BitPos(LCD_D6+0) 
;__Lib_Lcd.c,173 :: 		
0x0488	0x8A83      	BSF         LCD_D5, BitPos(LCD_D5+0) 
;__Lib_Lcd.c,174 :: 		
0x048A	0x8883      	BSF         LCD_D4, BitPos(LCD_D4+0) 
;__Lib_Lcd.c,175 :: 		
0x048C	0x8284      	BSF         LCD_EN, BitPos(LCD_EN+0) 
;__Lib_Lcd.c,176 :: 		
0x048E	0xDE38      	RCALL       _Delay_1us
;__Lib_Lcd.c,177 :: 		
0x0490	0x9284      	BCF         LCD_EN, BitPos(LCD_EN+0) 
;__Lib_Lcd.c,179 :: 		
0x0492	0xDE39      	RCALL       _Delay_5500us
;__Lib_Lcd.c,181 :: 		
0x0494	0x8047      	BSF         __Lib_Lcd_cmd_status, BitPos(__Lib_Lcd_cmd_status+0) 
;__Lib_Lcd.c,182 :: 		
0x0496	0x0012      	RETURN      0
; end of _Lcd_Init
_I2C1_Init:
;__Lib_I2C_c34.c,2 :: 		
;__Lib_I2C_c34.c,9 :: 		
0x0498	0x9894      	BCF         TRISC4_bit, 4 
;__Lib_I2C_c34.c,10 :: 		
0x049A	0x9694      	BCF         TRISC3_bit, 3 
;__Lib_I2C_c34.c,13 :: 		
0x049C	0x988B      	BCF         LATC4_bit, 4 
;__Lib_I2C_c34.c,14 :: 		
0x049E	0x968B      	BCF         LATC3_bit, 3 
;__Lib_I2C_c34.c,17 :: 		
0x04A0	0x8894      	BSF         TRISC4_bit, 4 
;__Lib_I2C_c34.c,18 :: 		
0x04A2	0x8694      	BSF         TRISC3_bit, 3 
;__Lib_I2C_c34.c,20 :: 		
0x04A4	0x9EC7      	BCF         SSPSTAT, 7 
;__Lib_I2C_c34.c,21 :: 		
0x04A6	0x9CC7      	BCF         SSPSTAT, 6 
;__Lib_I2C_c34.c,22 :: 		
0x04A8	0x0E38      	MOVLW       56
0x04AA	0x6EC6      	MOVWF       SSPCON1 
;__Lib_I2C_c34.c,25 :: 		
0x04AC	0x0012      	RETURN      0
; end of _I2C1_Init
___CC2DW:
;__Lib_System.c,21 :: 		
;__Lib_System.c,23 :: 		
_CC2DL_Loop1:
;__Lib_System.c,24 :: 		
0x04AE	0x0009      	TBLRD*+
;__Lib_System.c,25 :: 		
0x04B0	0xFFE6CFF5  	MOVFF       TABLAT, POSTINC1
;__Lib_System.c,26 :: 		
0x04B4	0x0600      	DECF        R0, 1, 0
;__Lib_System.c,27 :: 		
0x04B6	0xE1FB      	BNZ         _CC2DL_Loop1
;__Lib_System.c,28 :: 		
0x04B8	0x0601      	DECF        R1, 1, 0
;__Lib_System.c,29 :: 		
0x04BA	0xE1F9      	BNZ         _CC2DL_Loop1
;__Lib_System.c,31 :: 		
0x04BC	0x0012      	RETURN      0
; end of ___CC2DW
_UART1_Init:
;__Lib_UART_c67.c,15 :: 		
;__Lib_UART_c67.c,18 :: 		
0x04BE	0x0E1C      	MOVLW       _UART1_Write
0x04C0	0x6E38      	MOVWF       _UART_Wr_Ptr 
0x04C2	0x0E01      	MOVLW       hi_addr(_UART1_Write)
0x04C4	0x6E39      	MOVWF       _UART_Wr_Ptr+1 
0x04C6	0x0EA6      	MOVLW       FARG_UART1_Write_data_
0x04C8	0x6E3A      	MOVWF       _UART_Wr_Ptr+2 
0x04CA	0x0E00      	MOVLW       hi_addr(FARG_UART1_Write_data_)
0x04CC	0x6E3B      	MOVWF       _UART_Wr_Ptr+3 
;__Lib_UART_c67.c,19 :: 		
0x04CE	0x0EFF      	MOVLW       _UART1_Read
0x04D0	0x6E3C      	MOVWF       _UART_Rd_Ptr 
0x04D2	0x0EFF      	MOVLW       hi_addr(_UART1_Read)
0x04D4	0x6E3D      	MOVWF       _UART_Rd_Ptr+1 
0x04D6	0x0E00      	MOVLW       0
0x04D8	0x6E3E      	MOVWF       _UART_Rd_Ptr+2 
0x04DA	0x0E00      	MOVLW       0
0x04DC	0x6E3F      	MOVWF       _UART_Rd_Ptr+3 
;__Lib_UART_c67.c,20 :: 		
0x04DE	0x0EFF      	MOVLW       _UART1_Data_Ready
0x04E0	0x6E32      	MOVWF       _UART_Rdy_Ptr 
0x04E2	0x0EFF      	MOVLW       hi_addr(_UART1_Data_Ready)
0x04E4	0x6E33      	MOVWF       _UART_Rdy_Ptr+1 
0x04E6	0x0E00      	MOVLW       0
0x04E8	0x6E34      	MOVWF       _UART_Rdy_Ptr+2 
0x04EA	0x0E00      	MOVLW       0
0x04EC	0x6E35      	MOVWF       _UART_Rdy_Ptr+3 
;__Lib_UART_c67.c,21 :: 		
0x04EE	0x0EFF      	MOVLW       _UART1_Tx_Idle
0x04F0	0x6E2C      	MOVWF       _UART_Tx_Idle_Ptr 
0x04F2	0x0EFF      	MOVLW       hi_addr(_UART1_Tx_Idle)
0x04F4	0x6E2D      	MOVWF       _UART_Tx_Idle_Ptr+1 
0x04F6	0x0E00      	MOVLW       0
0x04F8	0x6E2E      	MOVWF       _UART_Tx_Idle_Ptr+2 
0x04FA	0x0E00      	MOVLW       0
0x04FC	0x6E2F      	MOVWF       _UART_Tx_Idle_Ptr+3 
;__Lib_UART_c67.c,23 :: 		
0x04FE	0x8AAC      	BSF         TXSTA, 5 
;__Lib_UART_c67.c,24 :: 		
0x0500	0x0E90      	MOVLW       144
0x0502	0x6EAB      	MOVWF       RCSTA 
;__Lib_UART_c67.c,25 :: 		
0x0504	0x8E94      	BSF         TRISC7_bit, 7 
;__Lib_UART_c67.c,26 :: 		
0x0506	0x9C94      	BCF         TRISC6_bit, 6 
;__Lib_UART_c67.c,28 :: 		
L_UART1_Init0:
0x0508	0xAA9E      	BTFSS       PIR1, 5 
0x050A	0xD003      	BRA         L_UART1_Init1
;__Lib_UART_c67.c,29 :: 		
0x050C	0xF000CFAE  	MOVFF       RCREG, R0
0x0510	0xD7FB      	BRA         L_UART1_Init0
L_UART1_Init1:
;__Lib_UART_c67.c,30 :: 		
0x0512	0x0012      	RETURN      0
; end of _UART1_Init
_Print_World:
;interrupcao.c,166 :: 		void Print_World() {
;interrupcao.c,167 :: 		for(i = 0; i < WORLD_WIDTH; ++i) {
0x0514	0x6A28      	CLRF        _i 
0x0516	0x6A29      	CLRF        _i+1 
L_Print_World71:
0x0518	0x0E80      	MOVLW       128
0x051A	0x1829      	XORWF       _i+1, 0 
0x051C	0x6E00      	MOVWF       R0 
0x051E	0x0E80      	MOVLW       128
0x0520	0x0A00      	XORLW       0
0x0522	0x5C00      	SUBWF       R0, 0 
0x0524	0xE102      	BNZ         L__Print_World96
0x0526	0x0E14      	MOVLW       20
0x0528	0x5C28      	SUBWF       _i, 0 
L__Print_World96:
0x052A	0xE22F      	BC          L_Print_World72
;interrupcao.c,168 :: 		for(j = 0; j < WORLD_HEIGHT ; ++j)
0x052C	0x6A2A      	CLRF        _j 
0x052E	0x6A2B      	CLRF        _j+1 
L_Print_World74:
0x0530	0x0E80      	MOVLW       128
0x0532	0x182B      	XORWF       _j+1, 0 
0x0534	0x6E00      	MOVWF       R0 
0x0536	0x0E80      	MOVLW       128
0x0538	0x0A00      	XORLW       0
0x053A	0x5C00      	SUBWF       R0, 0 
0x053C	0xE102      	BNZ         L__Print_World97
0x053E	0x0E04      	MOVLW       4
0x0540	0x5C2A      	SUBWF       _j, 0 
L__Print_World97:
0x0542	0xE220      	BC          L_Print_World75
;interrupcao.c,170 :: 		Lcd_Chr(j + 1, i + 1, world[i][j]);
0x0544	0x502A      	MOVF        _j, 0 
0x0546	0x0F01      	ADDLW       1
0x0548	0x0100      	MOVLB       0
0x054A	0x6F9C      	MOVWF       FARG_Lcd_Chr_row, 1
0x054C	0x5028      	MOVF        _i, 0 
0x054E	0x0F01      	ADDLW       1
0x0550	0x6F9D      	MOVWF       FARG_Lcd_Chr_column, 1
0x0552	0xF000C028  	MOVFF       _i, R0
0x0556	0xF001C029  	MOVFF       _i+1, R1
0x055A	0x0E14      	MOVLW       20
0x055C	0x6E04      	MOVWF       R4 
0x055E	0x0E00      	MOVLW       0
0x0560	0x6E05      	MOVWF       R5 
0x0562	0xDE85      	RCALL       _Mul_16x16_U
0x0564	0x0E48      	MOVLW       _world
0x0566	0x2600      	ADDWF       R0, 1 
0x0568	0x0E00      	MOVLW       hi_addr(_world)
0x056A	0x2201      	ADDWFC      R1, 1 
0x056C	0x502A      	MOVF        _j, 0 
0x056E	0x2400      	ADDWF       R0, 0 
0x0570	0x6EE9      	MOVWF       FSR0L 
0x0572	0x502B      	MOVF        _j+1, 0 
0x0574	0x2001      	ADDWFC      R1, 0 
0x0576	0x6EEA      	MOVWF       FSR0H 
0x0578	0xF09ECFEE  	MOVFF       POSTINC0, FARG_Lcd_Chr_out_char
0x057C	0xDF0D      	RCALL       _Lcd_Chr
;interrupcao.c,168 :: 		for(j = 0; j < WORLD_HEIGHT ; ++j)
0x057E	0x4A2A      	INFSNZ      _j, 1 
0x0580	0x2A2B      	INCF        _j+1, 1 
;interrupcao.c,171 :: 		}
0x0582	0xD7D6      	BRA         L_Print_World74
L_Print_World75:
;interrupcao.c,167 :: 		for(i = 0; i < WORLD_WIDTH; ++i) {
0x0584	0x4A28      	INFSNZ      _i, 1 
0x0586	0x2A29      	INCF        _i+1, 1 
;interrupcao.c,172 :: 		}
0x0588	0xD7C7      	BRA         L_Print_World71
L_Print_World72:
;interrupcao.c,173 :: 		}
0x058A	0x0012      	RETURN      0
; end of _Print_World
_Create_World:
;interrupcao.c,145 :: 		void Create_World() {
;interrupcao.c,146 :: 		objects_location_x[PACMAN] = 0;
0x058C	0x6A30      	CLRF        _objects_location_x 
0x058E	0x6A31      	CLRF        _objects_location_x+1 
;interrupcao.c,147 :: 		objects_location_y[PACMAN] = 0;
0x0590	0x6A36      	CLRF        _objects_location_y 
0x0592	0x6A37      	CLRF        _objects_location_y+1 
;interrupcao.c,149 :: 		for(i = 0; i < WORLD_WIDTH; ++i) {
0x0594	0x6A28      	CLRF        _i 
0x0596	0x6A29      	CLRF        _i+1 
L_Create_World65:
0x0598	0x0E80      	MOVLW       128
0x059A	0x1829      	XORWF       _i+1, 0 
0x059C	0x6E00      	MOVWF       R0 
0x059E	0x0E80      	MOVLW       128
0x05A0	0x0A00      	XORLW       0
0x05A2	0x5C00      	SUBWF       R0, 0 
0x05A4	0xE102      	BNZ         L__Create_World94
0x05A6	0x0E14      	MOVLW       20
0x05A8	0x5C28      	SUBWF       _i, 0 
L__Create_World94:
0x05AA	0xE227      	BC          L_Create_World66
;interrupcao.c,150 :: 		for(j = 0; j < WORLD_HEIGHT ; ++j)
0x05AC	0x6A2A      	CLRF        _j 
0x05AE	0x6A2B      	CLRF        _j+1 
L_Create_World68:
0x05B0	0x0E80      	MOVLW       128
0x05B2	0x182B      	XORWF       _j+1, 0 
0x05B4	0x6E00      	MOVWF       R0 
0x05B6	0x0E80      	MOVLW       128
0x05B8	0x0A00      	XORLW       0
0x05BA	0x5C00      	SUBWF       R0, 0 
0x05BC	0xE102      	BNZ         L__Create_World95
0x05BE	0x0E04      	MOVLW       4
0x05C0	0x5C2A      	SUBWF       _j, 0 
L__Create_World95:
0x05C2	0xE218      	BC          L_Create_World69
;interrupcao.c,152 :: 		world[i][j] = '-';
0x05C4	0xF000C028  	MOVFF       _i, R0
0x05C8	0xF001C029  	MOVFF       _i+1, R1
0x05CC	0x0E14      	MOVLW       20
0x05CE	0x6E04      	MOVWF       R4 
0x05D0	0x0E00      	MOVLW       0
0x05D2	0x6E05      	MOVWF       R5 
0x05D4	0xDE4C      	RCALL       _Mul_16x16_U
0x05D6	0x0E48      	MOVLW       _world
0x05D8	0x2600      	ADDWF       R0, 1 
0x05DA	0x0E00      	MOVLW       hi_addr(_world)
0x05DC	0x2201      	ADDWFC      R1, 1 
0x05DE	0x502A      	MOVF        _j, 0 
0x05E0	0x2400      	ADDWF       R0, 0 
0x05E2	0x6EE1      	MOVWF       FSR1L 
0x05E4	0x502B      	MOVF        _j+1, 0 
0x05E6	0x2001      	ADDWFC      R1, 0 
0x05E8	0x6EE2      	MOVWF       FSR1H 
0x05EA	0x0E2D      	MOVLW       45
0x05EC	0x6EE6      	MOVWF       POSTINC1 
;interrupcao.c,150 :: 		for(j = 0; j < WORLD_HEIGHT ; ++j)
0x05EE	0x4A2A      	INFSNZ      _j, 1 
0x05F0	0x2A2B      	INCF        _j+1, 1 
;interrupcao.c,153 :: 		}
0x05F2	0xD7DE      	BRA         L_Create_World68
L_Create_World69:
;interrupcao.c,149 :: 		for(i = 0; i < WORLD_WIDTH; ++i) {
0x05F4	0x4A28      	INFSNZ      _i, 1 
0x05F6	0x2A29      	INCF        _i+1, 1 
;interrupcao.c,154 :: 		}
0x05F8	0xD7CF      	BRA         L_Create_World65
L_Create_World66:
;interrupcao.c,155 :: 		inttostr(TXT, objects_location_x[PACMAN]);
0x05FA	0x0E40      	MOVLW       _TXT
0x05FC	0x0100      	MOVLB       0
0x05FE	0x6F9C      	MOVWF       FARG_IntToStr_input, 1
0x0600	0x0E00      	MOVLW       hi_addr(_TXT)
0x0602	0x6F9D      	MOVWF       FARG_IntToStr_input+1, 1
0x0604	0xF09EC030  	MOVFF       _objects_location_x, FARG_IntToStr_output
0x0608	0xF09FC031  	MOVFF       _objects_location_x+1, FARG_IntToStr_output+1
0x060C	0xDE58      	RCALL       _IntToStr
;interrupcao.c,156 :: 		UART1_Write_Text(TXT);
0x060E	0x0E40      	MOVLW       _TXT
0x0610	0x6F9C      	MOVWF       FARG_UART1_Write_Text_uart_text, 1
0x0612	0x0E00      	MOVLW       hi_addr(_TXT)
0x0614	0x6F9D      	MOVWF       FARG_UART1_Write_Text_uart_text+1, 1
0x0616	0xDE11      	RCALL       _UART1_Write_Text
;interrupcao.c,157 :: 		UART1_Write(13);
0x0618	0x0E0D      	MOVLW       13
0x061A	0x6FA6      	MOVWF       FARG_UART1_Write_data_, 1
0x061C	0xDD7F      	RCALL       _UART1_Write
;interrupcao.c,158 :: 		UART1_Write(10);
0x061E	0x0E0A      	MOVLW       10
0x0620	0x0100      	MOVLB       0
0x0622	0x6FA6      	MOVWF       FARG_UART1_Write_data_, 1
0x0624	0xDD7B      	RCALL       _UART1_Write
;interrupcao.c,159 :: 		inttostr(TXT, objects_location_y[PACMAN]);
0x0626	0x0E40      	MOVLW       _TXT
0x0628	0x0100      	MOVLB       0
0x062A	0x6F9C      	MOVWF       FARG_IntToStr_input, 1
0x062C	0x0E00      	MOVLW       hi_addr(_TXT)
0x062E	0x6F9D      	MOVWF       FARG_IntToStr_input+1, 1
0x0630	0xF09EC036  	MOVFF       _objects_location_y, FARG_IntToStr_output
0x0634	0xF09FC037  	MOVFF       _objects_location_y+1, FARG_IntToStr_output+1
0x0638	0xDE42      	RCALL       _IntToStr
;interrupcao.c,160 :: 		UART1_Write_Text(TXT);
0x063A	0x0E40      	MOVLW       _TXT
0x063C	0x6F9C      	MOVWF       FARG_UART1_Write_Text_uart_text, 1
0x063E	0x0E00      	MOVLW       hi_addr(_TXT)
0x0640	0x6F9D      	MOVWF       FARG_UART1_Write_Text_uart_text+1, 1
0x0642	0xDDFB      	RCALL       _UART1_Write_Text
;interrupcao.c,161 :: 		UART1_Write(13);
0x0644	0x0E0D      	MOVLW       13
0x0646	0x6FA6      	MOVWF       FARG_UART1_Write_data_, 1
0x0648	0xDD69      	RCALL       _UART1_Write
;interrupcao.c,162 :: 		UART1_Write(10);
0x064A	0x0E0A      	MOVLW       10
0x064C	0x0100      	MOVLB       0
0x064E	0x6FA6      	MOVWF       FARG_UART1_Write_data_, 1
0x0650	0xDD65      	RCALL       _UART1_Write
;interrupcao.c,163 :: 		world[objects_location_x[PACMAN]][objects_location_y[PACMAN]] = pacman_orientation;
0x0652	0xF000C030  	MOVFF       _objects_location_x, R0
0x0656	0xF001C031  	MOVFF       _objects_location_x+1, R1
0x065A	0x0E14      	MOVLW       20
0x065C	0x6E04      	MOVWF       R4 
0x065E	0x0E00      	MOVLW       0
0x0660	0x6E05      	MOVWF       R5 
0x0662	0xDE05      	RCALL       _Mul_16x16_U
0x0664	0x0E48      	MOVLW       _world
0x0666	0x2600      	ADDWF       R0, 1 
0x0668	0x0E00      	MOVLW       hi_addr(_world)
0x066A	0x2201      	ADDWFC      R1, 1 
0x066C	0x5036      	MOVF        _objects_location_y, 0 
0x066E	0x2400      	ADDWF       R0, 0 
0x0670	0x6EE1      	MOVWF       FSR1L 
0x0672	0x5037      	MOVF        _objects_location_y+1, 0 
0x0674	0x2001      	ADDWFC      R1, 0 
0x0676	0x6EE2      	MOVWF       FSR1H 
0x0678	0xFFE6C025  	MOVFF       _pacman_orientation, POSTINC1
;interrupcao.c,164 :: 		}
0x067C	0x0012      	RETURN      0
; end of _Create_World
_InitTimer2:
;interrupcao.c,67 :: 		void InitTimer2(){
;interrupcao.c,68 :: 		T2CON         = 0x3C;
0x067E	0x0E3C      	MOVLW       60
0x0680	0x6ECA      	MOVWF       T2CON 
;interrupcao.c,69 :: 		TMR2IE_bit         = 1;
0x0682	0x829D      	BSF         TMR2IE_bit, 1 
;interrupcao.c,70 :: 		PR2                 = 249;
0x0684	0x0EF9      	MOVLW       249
0x0686	0x6ECB      	MOVWF       PR2 
;interrupcao.c,71 :: 		INTCON         = 0xD0;  //INTCON = 1100 0000 (HABILITA TMR2 INTERRUPT E INT0 INTERRUPT)
0x0688	0x0ED0      	MOVLW       208
0x068A	0x6EF2      	MOVWF       INTCON 
;interrupcao.c,72 :: 		}
0x068C	0x0012      	RETURN      0
; end of _InitTimer2
_CustomChar:
;interrupcao.c,135 :: 		void CustomChar() {
;interrupcao.c,137 :: 		LCD_Cmd(64); //entra na
0x068E	0x0E40      	MOVLW       64
0x0690	0x0100      	MOVLB       0
0x0692	0x6FA6      	MOVWF       FARG_Lcd_Cmd_out_char, 1
0x0694	0xDD4A      	RCALL       _Lcd_Cmd
;interrupcao.c,138 :: 		for (i = 0; i<=7; i++) LCD_Chr_Cp(character_0[i]); //grava 8 bytes na cgram ENDER 0 a 7  cgram
0x0696	0x6B98      	CLRF        CustomChar_i_L0, 1
L_CustomChar53:
0x0698	0x5198      	MOVF        CustomChar_i_L0, 0, 1
0x069A	0x0807      	SUBLW       7
0x069C	0xE311      	BNC         L_CustomChar54
0x069E	0x0E9C      	MOVLW       _character_0
0x06A0	0x2598      	ADDWF       CustomChar_i_L0, 0, 1
0x06A2	0x6EF6      	MOVWF       4086 
0x06A4	0x0E07      	MOVLW       hi_addr(_character_0)
0x06A6	0x6EF7      	MOVWF       TBLPTRH 
0x06A8	0x0E00      	MOVLW       0
0x06AA	0x22F7      	ADDWFC      TBLPTRH, 1 
0x06AC	0x0E00      	MOVLW       higher_addr(_character_0)
0x06AE	0x6EF8      	MOVWF       TBLPTRU 
0x06B0	0x0E00      	MOVLW       0
0x06B2	0x22F8      	ADDWFC      TBLPTRU, 1 
0x06B4	0x0009      	TBLRD*+
0x06B6	0xF09CCFF5  	MOVFF       TABLAT, FARG_Lcd_Chr_CP_out_char
0x06BA	0xDE9D      	RCALL       _Lcd_Chr_CP
0x06BC	0x2B98      	INCF        CustomChar_i_L0, 1, 1
0x06BE	0xD7EC      	BRA         L_CustomChar53
L_CustomChar54:
;interrupcao.c,139 :: 		for (i = 0; i<=7; i++) LCD_Chr_Cp(character_1[i]); //grava 8 bytes na cgram ENDER 8 a 15 cgram
0x06C0	0x6B98      	CLRF        CustomChar_i_L0, 1
L_CustomChar56:
0x06C2	0x5198      	MOVF        CustomChar_i_L0, 0, 1
0x06C4	0x0807      	SUBLW       7
0x06C6	0xE311      	BNC         L_CustomChar57
0x06C8	0x0EA4      	MOVLW       _character_1
0x06CA	0x2598      	ADDWF       CustomChar_i_L0, 0, 1
0x06CC	0x6EF6      	MOVWF       4086 
0x06CE	0x0E07      	MOVLW       hi_addr(_character_1)
0x06D0	0x6EF7      	MOVWF       TBLPTRH 
0x06D2	0x0E00      	MOVLW       0
0x06D4	0x22F7      	ADDWFC      TBLPTRH, 1 
0x06D6	0x0E00      	MOVLW       higher_addr(_character_1)
0x06D8	0x6EF8      	MOVWF       TBLPTRU 
0x06DA	0x0E00      	MOVLW       0
0x06DC	0x22F8      	ADDWFC      TBLPTRU, 1 
0x06DE	0x0009      	TBLRD*+
0x06E0	0xF09CCFF5  	MOVFF       TABLAT, FARG_Lcd_Chr_CP_out_char
0x06E4	0xDE88      	RCALL       _Lcd_Chr_CP
0x06E6	0x2B98      	INCF        CustomChar_i_L0, 1, 1
0x06E8	0xD7EC      	BRA         L_CustomChar56
L_CustomChar57:
;interrupcao.c,140 :: 		for (i = 0; i<=7; i++) LCD_Chr_Cp(character_2[i]); //grava 8 bytes na cgram ENDER 8 a 15 cgram
0x06EA	0x6B98      	CLRF        CustomChar_i_L0, 1
L_CustomChar59:
0x06EC	0x5198      	MOVF        CustomChar_i_L0, 0, 1
0x06EE	0x0807      	SUBLW       7
0x06F0	0xE311      	BNC         L_CustomChar60
0x06F2	0x0E8C      	MOVLW       _character_2
0x06F4	0x2598      	ADDWF       CustomChar_i_L0, 0, 1
0x06F6	0x6EF6      	MOVWF       4086 
0x06F8	0x0E07      	MOVLW       hi_addr(_character_2)
0x06FA	0x6EF7      	MOVWF       TBLPTRH 
0x06FC	0x0E00      	MOVLW       0
0x06FE	0x22F7      	ADDWFC      TBLPTRH, 1 
0x0700	0x0E00      	MOVLW       higher_addr(_character_2)
0x0702	0x6EF8      	MOVWF       TBLPTRU 
0x0704	0x0E00      	MOVLW       0
0x0706	0x22F8      	ADDWFC      TBLPTRU, 1 
0x0708	0x0009      	TBLRD*+
0x070A	0xF09CCFF5  	MOVFF       TABLAT, FARG_Lcd_Chr_CP_out_char
0x070E	0xDE73      	RCALL       _Lcd_Chr_CP
0x0710	0x2B98      	INCF        CustomChar_i_L0, 1, 1
0x0712	0xD7EC      	BRA         L_CustomChar59
L_CustomChar60:
;interrupcao.c,141 :: 		for (i = 0; i<=7; i++) LCD_Chr_Cp(character_3[i]); //grava 8 bytes na cgram ENDER 8 a 15 cgram
0x0714	0x6B98      	CLRF        CustomChar_i_L0, 1
L_CustomChar62:
0x0716	0x5198      	MOVF        CustomChar_i_L0, 0, 1
0x0718	0x0807      	SUBLW       7
0x071A	0xE311      	BNC         L_CustomChar63
0x071C	0x0E94      	MOVLW       _character_3
0x071E	0x2598      	ADDWF       CustomChar_i_L0, 0, 1
0x0720	0x6EF6      	MOVWF       4086 
0x0722	0x0E07      	MOVLW       hi_addr(_character_3)
0x0724	0x6EF7      	MOVWF       TBLPTRH 
0x0726	0x0E00      	MOVLW       0
0x0728	0x22F7      	ADDWFC      TBLPTRH, 1 
0x072A	0x0E00      	MOVLW       higher_addr(_character_3)
0x072C	0x6EF8      	MOVWF       TBLPTRU 
0x072E	0x0E00      	MOVLW       0
0x0730	0x22F8      	ADDWFC      TBLPTRU, 1 
0x0732	0x0009      	TBLRD*+
0x0734	0xF09CCFF5  	MOVFF       TABLAT, FARG_Lcd_Chr_CP_out_char
0x0738	0xDE5E      	RCALL       _Lcd_Chr_CP
0x073A	0x2B98      	INCF        CustomChar_i_L0, 1, 1
0x073C	0xD7EC      	BRA         L_CustomChar62
L_CustomChar63:
;interrupcao.c,142 :: 		LCD_Cmd(_LCD_RETURN_HOME); //sai da cgram
0x073E	0x0E02      	MOVLW       2
0x0740	0x6FA6      	MOVWF       FARG_Lcd_Cmd_out_char, 1
0x0742	0xDCF3      	RCALL       _Lcd_Cmd
;interrupcao.c,143 :: 		}
0x0744	0x0012      	RETURN      0
; end of _CustomChar
_main:
0x0746	0x6A21      	CLRF        _cnt2 
0x0748	0x6A22      	CLRF        34 
0x074A	0x6A23      	CLRF        _cnt 
0x074C	0x6A24      	CLRF        36 
0x074E	0x6A25      	CLRF        _pacman_orientation 
0x0750	0x6A26      	CLRF        _peca_por_min 
0x0752	0x6A27      	CLRF        39 
0x0754	0x6A28      	CLRF        _i 
0x0756	0x6A29      	CLRF        41 
0x0758	0x6A2A      	CLRF        _j 
0x075A	0x6A2B      	CLRF        43 
;interrupcao.c,252 :: 		void main()
;interrupcao.c,254 :: 		UART1_Init(19200);
0x075C	0x0E19      	MOVLW       25
0x075E	0x6EAF      	MOVWF       SPBRG 
0x0760	0x84AC      	BSF         TXSTA, 2, 0
0x0762	0xDEAD      	RCALL       _UART1_Init
;interrupcao.c,255 :: 		I2C1_Init(100000);// i2c para acessar ID = D0h  = RTC
0x0764	0x0E14      	MOVLW       20
0x0766	0x6EC8      	MOVWF       SSPADD 
0x0768	0xDE97      	RCALL       _I2C1_Init
;interrupcao.c,257 :: 		ADCON1=0B00001110;
0x076A	0x0E0E      	MOVLW       14
0x076C	0x6EC1      	MOVWF       ADCON1 
;interrupcao.c,258 :: 		TRISB = 0B00001111;
0x076E	0x0E0F      	MOVLW       15
0x0770	0x6E93      	MOVWF       TRISB 
;interrupcao.c,259 :: 		PORTB = 0B00000000;
0x0772	0x6A81      	CLRF        PORTB 
;interrupcao.c,260 :: 		Lcd_Init();
0x0774	0xDE46      	RCALL       _Lcd_Init
;interrupcao.c,262 :: 		TRISA=0B00100001;
0x0776	0x0E21      	MOVLW       33
0x0778	0x6E92      	MOVWF       TRISA 
;interrupcao.c,263 :: 		InitTimer2();
0x077A	0xDF81      	RCALL       _InitTimer2
;interrupcao.c,265 :: 		Lcd_Cmd(_LCD_CURSOR_OFF);
0x077C	0x0E0C      	MOVLW       12
0x077E	0x0100      	MOVLB       0
0x0780	0x6FA6      	MOVWF       FARG_Lcd_Cmd_out_char, 1
0x0782	0xDCD3      	RCALL       _Lcd_Cmd
;interrupcao.c,266 :: 		CustomChar();
0x0784	0xDF84      	RCALL       _CustomChar
;interrupcao.c,268 :: 		Create_World();
0x0786	0xDF02      	RCALL       _Create_World
;interrupcao.c,269 :: 		Print_World();
0x0788	0xDEC5      	RCALL       _Print_World
;interrupcao.c,335 :: 		}
0x078A	0xD7FF      	BRA         $+0
; end of _main
;interrupcao.c,131 :: _character_2
0x078C	0x1F1F ;_character_2+0
0x078E	0x1B1F ;_character_2+2
0x0790	0x0011 ;_character_2+4
0x0792	0x0000 ;_character_2+6
; end of _character_2
;interrupcao.c,133 :: _character_3
0x0794	0x0000 ;_character_3+0
0x0796	0x1100 ;_character_3+2
0x0798	0x1F1B ;_character_3+4
0x079A	0x1F1F ;_character_3+6
; end of _character_3
;interrupcao.c,127 :: _character_0
0x079C	0x1E1F ;_character_0+0
0x079E	0x181C ;_character_0+2
0x07A0	0x1C18 ;_character_0+4
0x07A2	0x1F1E ;_character_0+6
; end of _character_0
;interrupcao.c,129 :: _character_1
0x07A4	0x0F1F ;_character_1+0
0x07A6	0x0307 ;_character_1+2
0x07A8	0x0703 ;_character_1+4
0x07AA	0x1F0F ;_character_1+6
; end of _character_1
Symbol List:
//** Routines locations **
//ADDRESS    SIZE    PROCEDURE
//----------------------------------------------
0x0008     [184]    _interrupt
0x00C0      [10]    _Delay_50us
0x00CA      [54]    _Div_16x16_U
0x0100       [6]    _Delay_1us
0x0106      [22]    _Delay_5500us
0x011C      [14]    _UART1_Write
0x012A     [126]    _Lcd_Cmd
0x01A8     [146]    _WordToStr
0x023A      [52]    _UART1_Write_Text
0x026E      [80]    _Mul_16x16_U
0x02BE     [218]    _IntToStr
0x0398      [94]    _Lcd_Chr
0x03F6      [12]    _Lcd_Chr_CP
0x0402     [150]    _Lcd_Init
0x0498      [22]    _I2C1_Init
0x04AE      [16]    ___CC2DW
0x04BE      [86]    _UART1_Init
0x0514     [120]    _Print_World
0x058C     [242]    _Create_World
0x067E      [16]    _InitTimer2
0x068E     [184]    _CustomChar
0x0746      [70]    _main
//** Variables locations ** 
//ADDRESS    SIZE    VARIABLE
//----------------------------------------------
0x0000       [1]    EEPROM_Write_SaveINTCON_L0
0x0000       [1]    __Lib_SoftI2C_PutZerosToLATSda_temp_sda_L0
0x0000       [1]    UART1_Init_tmp_L0
0x0000       [1]    SPI1_Write_tmp_L0
0x0000       [1]    FLASH_Erase_64_SaveINTCON_L0
0x0000       [1]    R0
0x0000       [1]    __Lib_SoftI2C_PutZerosToLATScl_temp_scl_L0
0x0001       [1]    FLASH_Erase_Write_64_i_L0
0x0001       [1]    I2C1_Rd_tmp_L0
0x0001       [1]    R1
0x0001       [1]    __Lib_PS2_Wait_Falling_nsample_L0
0x0001       [2]    FLASH_Read_N_Bytes_i_L0
0x0001       [1]    FLASH_Write_64_i_L0
0x0001       [1]    ispunct_rslt_L0
0x0002       [2]    memchr_s_L0
0x0002       [2]    strlen_cp_L0
0x0002       [1]    FLASH_Erase_Write_64_j_L0
0x0002       [1]    FLASH_Write_64_SaveINTCON_L0
0x0002       [2]    memcpy_dd_L0
0x0002       [2]    memset_pp_L0
0x0002       [1]    R2
0x0003       [2]    memmove_tt_L0
0x0003       [1]    R3
0x0003       [1]    FLASH_Erase_Write_64_SaveINTCON_L0
0x0004       [1]    R4
0x0004       [2]    strcpy_cp_L0
0x0004       [2]    memcpy_ss_L0
0x0004       [2]    strncpy_cp_L0
0x0004       [2]    strcat_cp_L0
0x0004       [2]    strncat_cp_L0
0x0004       [2]    frexp_pom_L0
0x0005       [2]    memmove_ff_L0
0x0005       [1]    R5
0x0006       [1]    R6
0x0007       [1]    R7
0x0008       [1]    R8
0x0009       [1]    R9
0x000A       [1]    R10
0x000B       [1]    R11
0x000C       [1]    R12
0x000D       [1]    R13
0x000E       [1]    R14
0x000F       [1]    R15
0x0010       [1]    R16
0x0011       [1]    R17
0x0012       [1]    R18
0x0013       [1]    R19
0x0014       [1]    R20
0x0021       [2]    _cnt2
0x0023       [2]    _cnt
0x0025       [1]    _pacman_orientation
0x0026       [2]    _peca_por_min
0x0028       [2]    _i
0x002A       [2]    _j
0x002C       [4]    _UART_Tx_Idle_Ptr
0x0030       [2]    _objects_location_x
0x0032       [4]    _UART_Rdy_Ptr
0x0036       [2]    _objects_location_y
0x0038       [4]    _UART_Wr_Ptr
0x003C       [4]    _UART_Rd_Ptr
0x0040       [7]    _TXT
0x0047       [0]    __Lib_Lcd_cmd_status
0x0048      [80]    _world
0x0098       [1]    CustomChar_i_L0
0x0098       [4]    FARG_I2C1_Init_clock
0x009C       [1]    FARG_Lcd_Chr_CP_out_char
0x009C       [1]    FARG_Lcd_Chr_row
0x009C       [2]    FARG_UART1_Write_Text_uart_text
0x009C       [2]    FARG_IntToStr_input
0x009D       [1]    FARG_Lcd_Chr_column
0x009E       [1]    UART1_Write_Text_data__L0
0x009E       [2]    FARG_IntToStr_output
0x009E       [1]    FARG_Lcd_Chr_out_char
0x009F       [1]    UART1_Write_Text_counter_L0
0x00A0       [2]    IntToStr_i_L0
0x00A2       [2]    IntToStr_negative_L0
0x00A4       [2]    IntToStr_inword_L0
0x00A6       [1]    FARG_Lcd_Cmd_out_char
0x00A6       [2]    FARG_WordToStr_input
0x00A6       [1]    FARG_UART1_Write_data_
0x00A8       [2]    FARG_WordToStr_output
0x00AA       [1]    WordToStr_len_L0
0x00AB       [2]    FLOC__WordToStr
0x0F80       [0]    SS_bit
0x0F80       [0]    RA3_bit
0x0F80       [0]    RA4_bit
0x0F80       [0]    RA1_bit
0x0F80       [0]    RA2_bit
0x0F80       [0]    RA5_bit
0x0F80       [0]    HLVDIN_bit
0x0F80       [0]    T0CKI_bit
0x0F80       [0]    RA6_bit
0x0F80       [0]    RA7_bit
0x0F80       [0]    RA0_bit
0x0F80       [0]    NOT_SS_bit
0x0F80       [0]    LVDIN_bit
0x0F80       [0]    AN4_bit
0x0F80       [1]    PORTA
0x0F81       [0]    INT0_bit
0x0F81       [0]    INT2_bit
0x0F81       [0]    INT1_bit
0x0F81       [0]    CCP2_PORTB_bit
0x0F81       [1]    PORTB
0x0F81       [0]    KBI0_bit
0x0F81       [0]    RB0_bit
0x0F81       [0]    KBI3_bit
0x0F81       [0]    RB2_bit
0x0F81       [0]    RB1_bit
0x0F81       [0]    PGM_bit
0x0F81       [0]    KBI2_bit
0x0F81       [0]    AN9_bit
0x0F81       [0]    AN11_bit
0x0F81       [0]    RB7_bit
0x0F81       [0]    RB6_bit
0x0F81       [0]    AN8_bit
0x0F81       [0]    AN10_bit
0x0F81       [0]    RB3_bit
0x0F81       [0]    AN12_bit
0x0F81       [0]    RB5_bit
0x0F81       [0]    RB4_bit
0x0F81       [0]    PGC_bit
0x0F81       [0]    PGD_bit
0x0F81       [0]    KBI1_bit
0x0F82       [0]    T13CKI_bit
0x0F82       [0]    T1CKI_bit
0x0F82       [0]    CCP2_PORTC_bit
0x0F82       [0]    SCK_bit
0x0F82       [0]    CCP1_bit
0x0F82       [0]    RC7_bit
0x0F82       [0]    SCL_bit
0x0F82       [0]    T1OSO_bit
0x0F82       [0]    SDA_bit
0x0F82       [0]    T1OSI_bit
0x0F82       [0]    CK_bit
0x0F82       [1]    PORTC
0x0F82       [0]    RC3_bit
0x0F82       [0]    RC2_bit
0x0F82       [0]    TX_bit
0x0F82       [0]    RC4_bit
0x0F82       [0]    RC1_bit
0x0F82       [0]    SDI_bit
0x0F82       [0]    SDO_bit
0x0F82       [0]    RC0_bit
0x0F82       [0]    RC5_bit
0x0F82       [0]    RC6_bit
0x0F82       [0]    RX__bit
0x0F83       [0]    P1B_bit
0x0F83       [0]    PSP4_bit
0x0F83       [0]    PSP5_bit
0x0F83       [0]    PSP7_bit
0x0F83       [0]    PSP6_bit
0x0F83       [1]    PORTD
0x0F83       [0]    LCD_D6
0x0F83       [0]    PSP1_bit
0x0F83       [0]    PSP0_bit
0x0F83       [0]    RD1_bit
0x0F83       [0]    PSP3_bit
0x0F83       [0]    PSP2_bit
0x0F83       [0]    RD5_bit
0x0F83       [0]    RD4_bit
0x0F83       [0]    LCD_D5
0x0F83       [0]    RD7_bit
0x0F83       [0]    LCD_D4
0x0F83       [0]    RD6_bit
0x0F83       [0]    RD3_bit
0x0F83       [0]    RD2_bit
0x0F83       [0]    P1C_bit
0x0F83       [0]    LCD_D7
0x0F83       [0]    RD0_bit
0x0F83       [0]    P1D_bit
0x0F84       [0]    AN6_bit
0x0F84       [0]    RE0_bit
0x0F84       [0]    NOT_MCLR_bit
0x0F84       [0]    AN5_bit
0x0F84       [0]    AN7_bit
0x0F84       [0]    VPP_bit
0x0F84       [0]    RE3_bit
0x0F84       [0]    RE1_bit
0x0F84       [0]    RE2_bit
0x0F84       [0]    LCD_RS
0x0F84       [0]    WR_bit
0x0F84       [0]    CS_bit
0x0F84       [1]    PORTE
0x0F84       [0]    RD_bit
0x0F84       [0]    MCLR_bit
0x0F84       [0]    NOT_CS_bit
0x0F84       [0]    LCD_EN
0x0F84       [0]    NOT_RD_bit
0x0F84       [0]    NOT_WR_bit
0x0F89       [0]    LATA1_bit
0x0F89       [0]    LATA7_bit
0x0F89       [0]    LATA0_bit
0x0F89       [1]    LATA
0x0F89       [0]    LATA2_bit
0x0F89       [0]    LATA6_bit
0x0F89       [0]    LATA5_bit
0x0F89       [0]    LATA3_bit
0x0F89       [0]    LATA4_bit
0x0F8A       [0]    LATB4_bit
0x0F8A       [0]    LATB3_bit
0x0F8A       [0]    LATB2_bit
0x0F8A       [0]    LATB7_bit
0x0F8A       [0]    LATB0_bit
0x0F8A       [0]    LATB5_bit
0x0F8A       [0]    LATB6_bit
0x0F8A       [1]    LATB
0x0F8A       [0]    LATB1_bit
0x0F8B       [1]    LATC
0x0F8B       [0]    LATC3_bit
0x0F8B       [0]    LATC4_bit
0x0F8B       [0]    LATC0_bit
0x0F8B       [0]    LATC1_bit
0x0F8B       [0]    LATC2_bit
0x0F8B       [0]    LATC6_bit
0x0F8B       [0]    LATC7_bit
0x0F8B       [0]    LATC5_bit
0x0F8C       [0]    LATD1_bit
0x0F8C       [0]    LATD6_bit
0x0F8C       [0]    LATD0_bit
0x0F8C       [0]    LATD7_bit
0x0F8C       [0]    LATD3_bit
0x0F8C       [0]    LATD4_bit
0x0F8C       [0]    LATD2_bit
0x0F8C       [0]    LATD5_bit
0x0F8C       [1]    LATD
0x0F8D       [0]    LATE2_bit
0x0F8D       [1]    LATE
0x0F8D       [0]    LATE0_bit
0x0F8D       [0]    LATE1_bit
0x0F92       [0]    TRISA2_bit
0x0F92       [0]    TRISA3_bit
0x0F92       [0]    TRISA1_bit
0x0F92       [1]    TRISA
0x0F92       [0]    TRISA0_bit
0x0F92       [0]    TRISA4_bit
0x0F92       [0]    TRISA6_bit
0x0F92       [0]    TRISA7_bit
0x0F92       [0]    TRISA5_bit
0x0F93       [0]    TRISB2_bit
0x0F93       [0]    TRISB3_bit
0x0F93       [0]    TRISB0_bit
0x0F93       [0]    TRISB1_bit
0x0F93       [0]    TRISB4_bit
0x0F93       [0]    TRISB7_bit
0x0F93       [1]    TRISB
0x0F93       [0]    TRISB5_bit
0x0F93       [0]    TRISB6_bit
0x0F94       [1]    TRISC
0x0F94       [0]    TRISC2_bit
0x0F94       [0]    TRISC3_bit
0x0F94       [0]    TRISC0_bit
0x0F94       [0]    TRISC1_bit
0x0F94       [0]    TRISC6_bit
0x0F94       [0]    TRISC7_bit
0x0F94       [0]    TRISC4_bit
0x0F94       [0]    TRISC5_bit
0x0F95       [0]    TRISD4_bit
0x0F95       [0]    TRISD2_bit
0x0F95       [0]    LCD_D5_Direction
0x0F95       [0]    TRISD6_bit
0x0F95       [0]    LCD_D4_Direction
0x0F95       [0]    TRISD0_bit
0x0F95       [0]    TRISD3_bit
0x0F95       [0]    TRISD1_bit
0x0F95       [0]    LCD_D7_Direction
0x0F95       [0]    TRISD7_bit
0x0F95       [1]    TRISD
0x0F95       [0]    LCD_D6_Direction
0x0F95       [0]    TRISD5_bit
0x0F96       [0]    IBOV_bit
0x0F96       [1]    TRISE
0x0F96       [0]    IBF_bit
0x0F96       [0]    IBOV_TRISE_bit
0x0F96       [0]    OBF_bit
0x0F96       [0]    LCD_EN_Direction
0x0F96       [0]    PSPMODE_bit
0x0F96       [0]    PSPMODE_TRISE_bit
0x0F96       [0]    TRISE1_bit
0x0F96       [0]    IBF_TRISE_bit
0x0F96       [0]    TRISE2_bit
0x0F96       [0]    OBF_TRISE_bit
0x0F96       [0]    TRISE0_bit
0x0F96       [0]    LCD_RS_Direction
0x0F9B       [0]    TUN2_bit
0x0F9B       [1]    OSCTUNE
0x0F9B       [0]    TUN1_bit
0x0F9B       [0]    TUN3_bit
0x0F9B       [0]    TUN0_bit
0x0F9B       [0]    INTSRC_bit
0x0F9B       [0]    TUN4_bit
0x0F9B       [0]    PLLEN_bit
0x0F9D       [0]    CCP1IE_bit
0x0F9D       [0]    SSPIE_bit
0x0F9D       [0]    TMR1IE_bit
0x0F9D       [0]    TMR2IE_bit
0x0F9D       [0]    TXIE_bit
0x0F9D       [0]    PSPIE_bit
0x0F9D       [1]    PIE1
0x0F9D       [0]    RCIE_bit
0x0F9D       [0]    ADIE_bit
0x0F9E       [0]    SSPIF_bit
0x0F9E       [0]    TXIF_bit
0x0F9E       [0]    RCIF_bit
0x0F9E       [0]    TMR1IF_bit
0x0F9E       [0]    TMR2IF_bit
0x0F9E       [0]    CCP1IF_bit
0x0F9E       [0]    ADIF_bit
0x0F9E       [1]    PIR1
0x0F9E       [0]    PSPIF_bit
0x0F9F       [1]    IPR1
0x0F9F       [0]    TMR1IP_bit
0x0F9F       [0]    TXIP_bit
0x0F9F       [0]    CCP1IP_bit
0x0F9F       [0]    SSPIP_bit
0x0F9F       [0]    TMR2IP_bit
0x0F9F       [0]    PSPIP_bit
0x0F9F       [0]    ADIP_bit
0x0F9F       [0]    RCIP_bit
0x0FA0       [0]    CMIE_bit
0x0FA0       [0]    EEIE_bit
0x0FA0       [0]    OSCFIE_bit
0x0FA0       [1]    PIE2
0x0FA0       [0]    HLVDIE_bit
0x0FA0       [0]    TMR3IE_bit
0x0FA0       [0]    CCP2IE_bit
0x0FA0       [0]    LVDIE_bit
0x0FA0       [0]    BCLIE_bit
0x0FA1       [0]    CMIF_bit
0x0FA1       [0]    BCLIF_bit
0x0FA1       [0]    EEIF_bit
0x0FA1       [1]    PIR2
0x0FA1       [0]    HLVDIF_bit
0x0FA1       [0]    OSCFIF_bit
0x0FA1       [0]    TMR3IF_bit
0x0FA1       [0]    CCP2IF_bit
0x0FA1       [0]    LVDIF_bit
0x0FA2       [1]    IPR2
0x0FA2       [0]    HLVDIP_bit
0x0FA2       [0]    CMIP_bit
0x0FA2       [0]    BCLIP_bit
0x0FA2       [0]    EEIP_bit
0x0FA2       [0]    TMR3IP_bit
0x0FA2       [0]    LVDIP_bit
0x0FA2       [0]    CCP2IP_bit
0x0FA2       [0]    OSCFIP_bit
0x0FA6       [0]    FREE_bit
0x0FA6       [0]    WR_EECON1_bit
0x0FA6       [0]    RD_EECON1_bit
0x0FA6       [0]    CFGS_bit
0x0FA6       [0]    WRERR_bit
0x0FA6       [0]    WREN_bit
0x0FA6       [0]    EEPGD_bit
0x0FA6       [1]    EECON1
0x0FA7       [1]    EECON2
0x0FA8       [1]    EEDATA
0x0FA9       [1]    EEADR
0x0FAA       [1]    EEADRH
0x0FAB       [1]    RCSTA
0x0FAB       [0]    OERR_bit
0x0FAB       [0]    RX9_bit
0x0FAB       [0]    SREN_bit
0x0FAB       [0]    ADDEN_bit
0x0FAB       [0]    SPEN_bit
0x0FAB       [0]    ADEN_bit
0x0FAB       [0]    FERR_bit
0x0FAB       [0]    CREN_bit
0x0FAB       [0]    RX9D_bit
0x0FAC       [0]    SENDB_bit
0x0FAC       [0]    SYNC_bit
0x0FAC       [0]    TXEN_bit
0x0FAC       [0]    TX9D_bit
0x0FAC       [0]    TRMT_bit
0x0FAC       [0]    BRGH_bit
0x0FAC       [0]    CSRC_bit
0x0FAC       [1]    TXSTA
0x0FAC       [0]    TX9_bit
0x0FAD       [1]    TXREG
0x0FAE       [1]    RCREG
0x0FAF       [1]    SPBRG
0x0FB0       [1]    SPBRGH
0x0FB1       [1]    T3CON
0x0FB1       [0]    NOT_T3SYNC_bit
0x0FB1       [0]    T3CKPS1_bit
0x0FB1       [0]    T3CCP2_bit
0x0FB1       [0]    RD16_bit
0x0FB1       [0]    T3CKPS0_bit
0x0FB1       [0]    T3SYNC_bit
0x0FB1       [0]    T3CCP1_bit
0x0FB1       [0]    TMR3ON_bit
0x0FB1       [0]    TMR3CS_bit
0x0FB2       [1]    TMR3L
0x0FB3       [1]    TMR3H
0x0FB4       [0]    CM2_bit
0x0FB4       [0]    CM0_bit
0x0FB4       [0]    CM1_bit
0x0FB4       [0]    C2OUT_bit
0x0FB4       [0]    C1INV_bit
0x0FB4       [0]    C2INV_bit
0x0FB4       [1]    CMCON
0x0FB4       [0]    C1OUT_bit
0x0FB4       [0]    CIS_bit
0x0FB5       [0]    CVROE_bit
0x0FB5       [0]    CVREN_bit
0x0FB5       [0]    CVRSS_bit
0x0FB5       [0]    CVRR_bit
0x0FB5       [1]    CVRCON
0x0FB5       [0]    CVR1_bit
0x0FB5       [0]    CVR0_bit
0x0FB5       [0]    CVR3_bit
0x0FB5       [0]    CVR2_bit
0x0FB6       [0]    PSSAC1_bit
0x0FB6       [0]    ECCPAS0_bit
0x0FB6       [0]    PSSAC0_bit
0x0FB6       [0]    PSSBD0_bit
0x0FB6       [0]    PSSBD1_bit
0x0FB6       [0]    ECCPASE_bit
0x0FB6       [1]    ECCP1AS
0x0FB6       [0]    ECCPAS1_bit
0x0FB6       [0]    ECCPAS2_bit
0x0FB7       [1]    PWM1CON
0x0FB7       [0]    PDC2_bit
0x0FB7       [0]    PDC3_bit
0x0FB7       [0]    PDC0_bit
0x0FB7       [0]    PDC1_bit
0x0FB7       [0]    PDC4_bit
0x0FB7       [0]    PRSEN_bit
0x0FB7       [0]    PDC6_bit
0x0FB7       [0]    PDC5_bit
0x0FB8       [1]    BAUDCTL
0x0FB8       [1]    BAUDCON
0x0FB8       [0]    TXCKP_bit
0x0FB8       [0]    ABDOVF_bit
0x0FB8       [0]    RCMT_bit
0x0FB8       [0]    RXDTP_bit
0x0FB8       [0]    RCIDL_bit
0x0FB8       [0]    WUE_bit
0x0FB8       [0]    ABDEN_bit
0x0FB8       [0]    SCKP_bit
0x0FB8       [0]    BRG16_bit
0x0FBA       [0]    DC2B0_bit
0x0FBA       [0]    CCP2X_bit
0x0FBA       [1]    CCP2CON
0x0FBA       [0]    DC2B1_bit
0x0FBA       [0]    CCP2Y_bit
0x0FBA       [0]    CCP2M1_bit
0x0FBA       [0]    CCP2M0_bit
0x0FBA       [0]    CCP2M3_bit
0x0FBA       [0]    CCP2M2_bit
0x0FBB       [1]    CCPR2L
0x0FBB       [2]    CCPR2
0x0FBC       [1]    CCPR2H
0x0FBD       [0]    P1M0_bit
0x0FBD       [0]    P1M1_bit
0x0FBD       [1]    CCP1CON
0x0FBD       [0]    DC1B1_bit
0x0FBD       [0]    CCP1M2_bit
0x0FBD       [0]    CCP1M3_bit
0x0FBD       [0]    CCP1Y_bit
0x0FBD       [0]    CCP1M1_bit
0x0FBD       [0]    DC1B0_bit
0x0FBD       [0]    CCP1X_bit
0x0FBD       [0]    CCP1M0_bit
0x0FBE       [1]    CCPR1L
0x0FBE       [2]    CCPR1
0x0FBF       [1]    CCPR1H
0x0FC0       [1]    ADCON2
0x0FC0       [0]    ACQT1_bit
0x0FC0       [0]    ACQT0_bit
0x0FC0       [0]    ADFM_bit
0x0FC0       [0]    ACQT2_bit
0x0FC0       [0]    ADCS0_bit
0x0FC0       [0]    ADCS1_bit
0x0FC0       [0]    ADCS2_bit
0x0FC1       [0]    PCFG1_bit
0x0FC1       [0]    PCFG0_bit
0x0FC1       [1]    ADCON1
0x0FC1       [0]    VCFG0_bit
0x0FC1       [0]    VCFG1_bit
0x0FC1       [0]    PCFG3_bit
0x0FC1       [0]    PCFG2_bit
0x0FC2       [0]    GO_bit
0x0FC2       [0]    ADON_bit
0x0FC2       [1]    ADCON0
0x0FC2       [0]    GO_DONE_bit
0x0FC2       [0]    NOT_DONE_bit
0x0FC2       [0]    DONE_bit
0x0FC2       [0]    CHS3_bit
0x0FC2       [0]    CHS0_bit
0x0FC2       [0]    CHS1_bit
0x0FC2       [0]    CHS2_bit
0x0FC3       [1]    ADRESL
0x0FC3       [2]    ADRES
0x0FC4       [1]    ADRESH
0x0FC5       [1]    SSPCON2
0x0FC5       [0]    RCEN_bit
0x0FC5       [0]    ACKEN_bit
0x0FC5       [0]    RSEN_bit
0x0FC5       [0]    PEN_bit
0x0FC5       [0]    GCEN_bit
0x0FC5       [0]    SEN_bit
0x0FC5       [0]    ACKDT_bit
0x0FC5       [0]    ACKSTAT_bit
0x0FC6       [0]    SSPM1_bit
0x0FC6       [0]    SSPM2_bit
0x0FC6       [0]    WCOL_bit
0x0FC6       [0]    SSPM0_bit
0x0FC6       [1]    SSPCON1
0x0FC6       [0]    CKP_bit
0x0FC6       [0]    SSPM3_bit
0x0FC6       [0]    SSPEN_bit
0x0FC6       [0]    SSPOV_bit
0x0FC7       [0]    UA_bit
0x0FC7       [0]    BF_bit
0x0FC7       [1]    SSPSTAT
0x0FC7       [0]    D_A_bit
0x0FC7       [0]    NOT_WRITE_bit
0x0FC7       [0]    SMP_bit
0x0FC7       [0]    NOT_W_bit
0x0FC7       [0]    NOT_A_bit
0x0FC7       [0]    R_W_bit
0x0FC7       [0]    P_bit
0x0FC7       [0]    S_bit
0x0FC7       [0]    R_bit
0x0FC7       [0]    D_bit
0x0FC7       [0]    NOT_ADDRESS_bit
0x0FC7       [0]    CKE_bit
0x0FC8       [1]    SSPADD
0x0FC9       [1]    SSPBUF
0x0FCA       [0]    T2OUTPS0_bit
0x0FCA       [0]    T2OUTPS1_bit
0x0FCA       [0]    TMR2ON_bit
0x0FCA       [0]    T2CKPS0_bit
0x0FCA       [0]    T2CKPS1_bit
0x0FCA       [1]    T2CON
0x0FCA       [0]    T2OUTPS3_bit
0x0FCA       [0]    T2OUTPS2_bit
0x0FCB       [1]    PR2
0x0FCC       [1]    TMR2
0x0FCD       [1]    T1CON
0x0FCD       [0]    T1CKPS0_bit
0x0FCD       [0]    T1CKPS1_bit
0x0FCD       [0]    T1SYNC_bit
0x0FCD       [0]    T1OSCEN_bit
0x0FCD       [0]    T1RUN_bit
0x0FCD       [0]    TMR1ON_bit
0x0FCD       [0]    TMR1CS_bit
0x0FCD       [0]    RD16_T1CON_bit
0x0FCD       [0]    NOT_T1SYNC_bit
0x0FCE       [1]    TMR1L
0x0FCF       [1]    TMR1H
0x0FD0       [1]    RCON
0x0FD0       [0]    TO__bit
0x0FD0       [0]    BOR_bit
0x0FD0       [0]    POR_bit
0x0FD0       [0]    PD_bit
0x0FD0       [0]    NOT_RI_bit
0x0FD0       [0]    IPEN_bit
0x0FD0       [0]    SBOREN_bit
0x0FD0       [0]    RI_bit
0x0FD0       [0]    NOT_BOR_bit
0x0FD0       [0]    NOT_TO_bit
0x0FD0       [0]    NOT_PD_bit
0x0FD0       [0]    NOT_POR_bit
0x0FD1       [1]    WDTCON
0x0FD1       [0]    SWDTEN_bit
0x0FD1       [0]    SWDTE_bit
0x0FD2       [0]    HLVDEN_bit
0x0FD2       [0]    LVDL0_bit
0x0FD2       [0]    VDIRMAG_bit
0x0FD2       [0]    HLVDL0_bit
0x0FD2       [0]    BGST_bit
0x0FD2       [0]    LVV3_bit
0x0FD2       [0]    HLVDL3_bit
0x0FD2       [0]    HLVDL2_bit
0x0FD2       [0]    HLVDL1_bit
0x0FD2       [0]    LVDL1_bit
0x0FD2       [0]    IRVST_bit
0x0FD2       [0]    LVV0_bit
0x0FD2       [0]    LVDEN_bit
0x0FD2       [0]    LVDL2_bit
0x0FD2       [0]    LVDL3_bit
0x0FD2       [0]    LVV2_bit
0x0FD2       [0]    IVRST_bit
0x0FD2       [0]    LVV1_bit
0x0FD2       [1]    LVDCON
0x0FD2       [1]    HLVDCON
0x0FD3       [0]    OSTS_bit
0x0FD3       [0]    IRCF0_bit
0x0FD3       [0]    IOFS_bit
0x0FD3       [0]    SCS0_bit
0x0FD3       [0]    SCS1_bit
0x0FD3       [0]    IRCF1_bit
0x0FD3       [1]    OSCCON
0x0FD3       [0]    IDLEN_bit
0x0FD3       [0]    IRCF2_bit
0x0FD4       [1]    DEBUG
0x0FD5       [1]    T0CON
0x0FD5       [0]    T0PS2_bit
0x0FD5       [0]    PSA_bit
0x0FD5       [0]    T0PS0_bit
0x0FD5       [0]    T0PS1_bit
0x0FD5       [0]    T0SE_bit
0x0FD5       [0]    TMR0ON_bit
0x0FD5       [0]    T08BIT_bit
0x0FD5       [0]    T016BIT_bit
0x0FD5       [0]    T0CS_bit
0x0FD6       [1]    TMR0L
0x0FD7       [1]    TMR0H
0x0FD8       [1]    STATUS
0x0FD8       [0]    OV_bit
0x0FD8       [0]    N_bit
0x0FD8       [0]    DC_bit
0x0FD8       [0]    Z_bit
0x0FD8       [0]    C_bit
0x0FD9       [2]    FSR2PTR
0x0FD9       [1]    FSR2L
0x0FD9       [2]    FSR2
0x0FDA       [1]    FSR2H
0x0FDB       [1]    PLUSW2
0x0FDC       [1]    PREINC2
0x0FDD       [1]    POSTDEC2
0x0FDE       [1]    POSTINC2
0x0FDF       [1]    INDF2
0x0FE0       [1]    BSR
0x0FE1       [2]    FSR1
0x0FE1       [2]    FSR1PTR
0x0FE1       [1]    FSR1L
0x0FE2       [1]    FSR1H
0x0FE3       [1]    PLUSW1
0x0FE4       [1]    PREINC1
0x0FE5       [1]    POSTDEC1
0x0FE6       [1]    POSTINC1
0x0FE7       [1]    INDF1
0x0FE8       [1]    WREG
0x0FE9       [2]    FSR0
0x0FE9       [2]    FSR0PTR
0x0FE9       [1]    FSR0L
0x0FEA       [1]    FSR0H
0x0FEB       [1]    PLUSW0
0x0FEC       [1]    PREINC0
0x0FED       [1]    POSTDEC0
0x0FEE       [1]    POSTINC0
0x0FEF       [1]    INDF0
0x0FF0       [0]    INT2F_bit
0x0FF0       [0]    INT1F_bit
0x0FF0       [0]    INT2IP_bit
0x0FF0       [0]    INT1E_bit
0x0FF0       [0]    INT1IE_bit
0x0FF0       [0]    INT2IF_bit
0x0FF0       [0]    INT1IP_bit
0x0FF0       [0]    INT2IE_bit
0x0FF0       [0]    INT1P_bit
0x0FF0       [0]    INT2E_bit
0x0FF0       [0]    INT1IF_bit
0x0FF0       [0]    INT2P_bit
0x0FF0       [1]    INTCON3
0x0FF1       [0]    INTEDG1_bit
0x0FF1       [0]    INTEDG0_bit
0x0FF1       [0]    NOT_RBPU_bit
0x0FF1       [0]    RBPU_bit
0x0FF1       [0]    TMR0IP_bit
0x0FF1       [0]    INTEDG2_bit
0x0FF1       [1]    INTCON2
0x0FF1       [0]    RBIP_bit
0x0FF2       [0]    INT0F_bit
0x0FF2       [0]    RBIF_bit
0x0FF2       [0]    TMR0IF_bit
0x0FF2       [0]    INT0IE_bit
0x0FF2       [0]    T0IF_bit
0x0FF2       [0]    T0IE_bit
0x0FF2       [0]    GIEH_bit
0x0FF2       [0]    GIEL_bit
0x0FF2       [0]    INT0IF_bit
0x0FF2       [0]    INT0E_bit
0x0FF2       [0]    RBIE_bit
0x0FF2       [0]    TMR0IE_bit
0x0FF2       [0]    GIE_bit
0x0FF2       [0]    PEIE_bit
0x0FF2       [1]    INTCON
0x0FF3       [1]    PRODL
0x0FF3       [2]    PROD
0x0FF4       [1]    PRODH
0x0FF5       [1]    TABLAT
0x0FF6       [1]    TBLPTRL
0x0FF6       [3]    TBLPTR
0x0FF7       [1]    TBLPTRH
0x0FF8       [0]    TBLPTRU0_bit
0x0FF8       [0]    TBLPTRU4_bit
0x0FF8       [0]    ACSS_bit
0x0FF8       [0]    TBLPTRU1_bit
0x0FF8       [1]    TBLPTRU
0x0FF8       [0]    TBLPTRU3_bit
0x0FF8       [0]    TBLPTRU2_bit
0x0FF9       [1]    PCL
0x0FF9       [1]    PC
0x0FFA       [1]    PCLATH
0x0FFB       [0]    PCU0_bit
0x0FFB       [0]    PCU1_bit
0x0FFB       [0]    PCU2_bit
0x0FFB       [1]    PCLATU
0x0FFB       [0]    PCU4_bit
0x0FFB       [0]    PCU3_bit
0x0FFC       [0]    SP2_bit
0x0FFC       [0]    SP1_bit
0x0FFC       [0]    SP3_bit
0x0FFC       [0]    STKFUL_bit
0x0FFC       [0]    SP4_bit
0x0FFC       [0]    SP0_bit
0x0FFC       [0]    STKPTR3_bit
0x0FFC       [0]    STKPTR4_bit
0x0FFC       [0]    STKUNF_bit
0x0FFC       [0]    STKPTR2_bit
0x0FFC       [1]    STKPTR
0x0FFC       [0]    STKPTR0_bit
0x0FFC       [0]    STKPTR1_bit
0x0FFC       [0]    STKOVF_bit
0x0FFD       [1]    TOS
0x0FFD       [1]    TOSL
0x0FFE       [1]    TOSH
0x0FFF       [1]    TOSU
//** Constants locations ** 
//ADDRESS    SIZE    CONSTANT
//----------------------------------------------
0x078C       [8]    _character_2
0x0794       [8]    _character_3
0x079C       [8]    _character_0
0x07A4       [8]    _character_1
//** Label List: ** 
//----------------------------------------------
  L_interrupt0
  L_interrupt1
  L_interrupt2
  L_interrupt3
  L_Le_Teclado4
  L_Le_Teclado5
  L_Le_Teclado6
  L_Le_Teclado7
  L_Le_Teclado8
  L_Le_Teclado9
  L_Le_Teclado10
  L_Le_Teclado11
  L_Le_Teclado12
  L_Le_Teclado13
  L_Le_Teclado14
  L_Le_Teclado15
  L_Le_Teclado16
  L_Le_Teclado17
  L_Le_Teclado18
  L_Le_Teclado19
  L_Le_Teclado20
  L_Le_Teclado21
  L_Le_Teclado22
  L_Le_Teclado23
  L_Le_Teclado24
  L_Le_Teclado25
  L_Le_Teclado26
  L_Le_Teclado27
  L_Le_Teclado28
  L_Le_Teclado29
  L_Le_Teclado30
  L_Le_Teclado31
  L_Le_Teclado32
  L_Le_Teclado33
  L_Le_Teclado34
  L_Le_Teclado35
  L_Le_Teclado36
  L_Le_Teclado37
  L_Le_Teclado38
  L_Le_Teclado39
  L_Le_Teclado40
  L_Le_Teclado41
  L_Le_Teclado42
  L_Le_Teclado43
  L_Le_Teclado44
  L_Le_Teclado45
  L_Le_Teclado46
  L_Le_Teclado47
  L_Le_Teclado48
  L_Le_Teclado49
  L_Le_Teclado50
  L_Le_Teclado51
  L_Move_Delay52
  L_CustomChar53
  L_CustomChar54
  L_CustomChar55
  L_CustomChar56
  L_CustomChar57
  L_CustomChar58
  L_CustomChar59
  L_CustomChar60
  L_CustomChar61
  L_CustomChar62
  L_CustomChar63
  L_CustomChar64
  L_Create_World65
  L_Create_World66
  L_Create_World67
  L_Create_World68
  L_Create_World69
  L_Create_World70
  L_Print_World71
  L_Print_World72
  L_Print_World73
  L_Print_World74
  L_Print_World75
  L_Print_World76
  L_update_pacman_orientation77
  L_update_pacman_orientation78
  L_update_pacman_orientation79
  L_update_pacman_orientation80
  L_update_pacman_orientation81
  L_update_pacman_orientation82
  L_update_pacman_orientation83
  L_Alert84
  L_Alert85
  L_Alert86
  L_Alert87
  L_Alert88
  L_Alert89
  L_Write_EEPROM90
  _interrupt
  L__interrupt91
  L__interrupt92
  L__interrupt93
  _InitTimer2
  _Le_Teclado
  _Pula_Linha
  _Move_Delay
  _CustomChar
  _Create_World
  L__Create_World94
  L__Create_World95
  _Print_World
  L__Print_World96
  L__Print_World97
  _update_pacman_orientation
  L__update_pacman_orientation98
  L__update_pacman_orientation99
  L__update_pacman_orientation100
  L__update_pacman_orientation101
  _Alert
  L__Alert102
  L__Alert103
  _Write_EEPROM
  _Read_EEPROM
  _Write_RTC
  _Read_RTC
  _Transform_Time
  _main
  L_ByteToStr0
  L_ByteToStr1
  L_ByteToStr2
  L_ByteToStr3
  L_ByteToStr4
  L_ByteToStr5
  L_WordToStr6
  L_WordToStr7
  L_WordToStr8
  L_WordToStr9
  L_WordToStr10
  L_WordToStr11
  L_ShortToStr12
  L_ShortToStr13
  L_ShortToStr14
  L_ShortToStr15
  L_ShortToStr16
  L_ShortToStr17
  L_IntToStr18
  L_IntToStr19
  L_IntToStr20
  L_IntToStr21
  L_IntToStr22
  L_IntToStr23
  L_LongWordToStr24
  L_LongWordToStr25
  L_LongWordToStr26
  L_LongWordToStr27
  L_LongWordToStr28
  L_LongWordToStr29
  L_LongToStr30
  L_LongToStr31
  L_LongToStr32
  L_LongToStr33
  L_LongToStr34
  L_LongToStr35
  L_Dec2Bcd36
  L_Dec2Bcd37
  L_rtrim38
  L_rtrim39
  L_FloatToStr40
  L_FloatToStr41
  L_FloatToStr42
  L_FloatToStr43
  L_FloatToStr44
  L_FloatToStr45
  L_FloatToStr46
  L_FloatToStr47
  L_FloatToStr48
  L_FloatToStr49
  L_FloatToStr50
  L_FloatToStr51
  L_FloatToStr52
  L_FloatToStr53
  L_FloatToStr54
  L_FloatToStr55
  L_FloatToStr56
  L_FloatToStr57
  L_FloatToStr58
  L_FloatToStr59
  L_FloatToStr60
  L_FloatToStr61
  L__FloatToStr62
  _ByteToStr
  _WordToStr
  L__WordToStr63
  _ShortToStr
  L__ShortToStr64
  _IntToStr
  L__IntToStr65
  L__IntToStr66
  _LongWordToStr
  L__LongWordToStr67
  L__LongWordToStr68
  _LongToStr
  L__LongToStr69
  L__LongToStr70
  _Dec2Bcd
  _Bcd2Dec16
  L__Bcd2Dec1671
  L__Bcd2Dec1672
  _Dec2Bcd16
  L__Dec2Bcd1673
  L__Dec2Bcd1674
  _rtrim
  _FloatToStr
  L__FloatToStr75
  L__FloatToStr76
  L__FloatToStr77
  L__FloatToStr78
  L__FloatToStr79
  L_Delay_10us0
  L_Delay_22us1
  L_Delay_50us2
  L_Delay_80us3
  L_Delay_500us4
  L_Delay_5500us5
  L_Delay_8ms6
  L_Delay_100ms7
  L_Delay_10ms8
  L_Delay_1sec9
  L____Boot_Delay4k10
  L____Boot_Delay8k11
  L____Boot_Delay12k12
  L____Boot_Delay16k13
  L____Boot_Delay24k14
  L____Boot_Delay32k15
  L____Boot_Delay48k16
  L____Boot_Delay64k17
  L____Boot_Delay128k18
  L_Delay_Cyc19
  L_Delay_Cyc20
  L_VDelay_ms21
  L_VDelay_ms22
  L_VDelay_ms23
  L_VDelay_Advanced_ms24
  L_VDelay_Advanced_ms25
  L_VDelay_Advanced_ms26
  _Get_Fosc_kHz
  _Delay_1us
  _Delay_10us
  _Delay_22us
  _Delay_50us
  _Delay_80us
  _Delay_500us
  _Delay_5500us
  _Delay_8ms
  _Delay_100ms
  _Delay_10ms
  _Delay_1sec
  ____Boot_Delay4k
  ____Boot_Delay8k
  ____Boot_Delay12k
  ____Boot_Delay16k
  ____Boot_Delay24k
  ____Boot_Delay32k
  ____Boot_Delay48k
  ____Boot_Delay64k
  ____Boot_Delay128k
  _Delay_Cyc
  _VDelay_ms
  L__VDelay_ms27
  L__VDelay_ms28
  L__VDelay_ms29
  _VDelay_Advanced_ms
  L__VDelay_Advanced_ms30
  L__VDelay_Advanced_ms31
  L__VDelay_Advanced_ms32
  L_I2C1_Is_Idle0
  L_I2C1_Is_Idle1
  L_I2C1_Start2
  L_I2C1_Start3
  L_I2C1_Start4
  L_I2C1_Start5
  L_I2C1_Start6
  L_I2C1_Start7
  L_I2C1_Start8
  L_I2C1_Start9
  L_I2C1_Repeated_Start10
  L_I2C1_Repeated_Start11
  L_I2C1_Rd12
  L_I2C1_Rd13
  L_I2C1_Rd14
  L_I2C1_Rd15
  L_I2C1_Rd16
  L_I2C1_Rd17
  L_I2C1_Wr18
  L_I2C1_Wr19
  L_I2C1_Wr20
  L_I2C1_Wr21
  L_I2C1_Wr22
  L_I2C1_Wr23
  _I2C1_Init
  _I2C1_Is_Idle
  _I2C1_Start
  L__I2C1_Start24
  L__I2C1_Start25
  _I2C1_Repeated_Start
  _I2C1_Rd
  _I2C1_Wr
  _I2C1_Stop
  L_Lcd_Cmd0
  L_Lcd_Cmd1
  L_Lcd_Out_CP2
  L_Lcd_Out_CP3
  L_Lcd_Chr4
  L_Lcd_Chr5
  L_Lcd_Chr6
  L_Lcd_Chr7
  L_Lcd_Chr8
  L_Lcd_Chr9
  L_Lcd_Chr10
  L_Lcd_Out11
  L_Lcd_Out12
  L_Lcd_Out13
  L_Lcd_Out14
  L_Lcd_Out15
  L_Lcd_Out16
  L_Lcd_Out17
  L_Lcd_Out18
  L_Lcd_Out19
  _Lcd_Cmd
  L__Lcd_Cmd20
  L__Lcd_Cmd21
  L__Lcd_Cmd22
  L__Lcd_Cmd23
  L__Lcd_Cmd24
  L__Lcd_Cmd25
  L__Lcd_Cmd26
  L__Lcd_Cmd27
  L__Lcd_Cmd28
  L__Lcd_Cmd29
  L__Lcd_Cmd30
  L__Lcd_Cmd31
  L__Lcd_Cmd32
  L__Lcd_Cmd33
  L__Lcd_Cmd34
  L__Lcd_Cmd35
  L__Lcd_Cmd36
  L__Lcd_Cmd37
  L__Lcd_Cmd38
  L__Lcd_Cmd39
  _Lcd_Chr_CP
  _Lcd_Out_CP
  _Lcd_Chr
  _Lcd_Init
  _Lcd_Out
  L_Div_16x16_S0
  L_Div_16x16_S1
  LOOPS3232A
  SADD22LA
  SOK22LA
  SADD22L8
  SOK22L8
  LOOPS3232B
  SADD22LB
  SOK22LB
  SADD22L16
  SOK22L16
  LOOPS3232C
  SADD22LC
  SOK22LC
  SADD22L24
  SOK22L24
  LOOPS3232D
  SADD22LD
  SOK22LD
  SOK22L
  L_Div_32x32_S6
  L_Div_32x32_S7
  L_Div_32x32_S8
  L_Div_32x32_S9
  FXD3232S
  END_ALL
  CA3232S
  C3232SX
  C3232SX1
  C3232S
  C3232S2
  C3232SX4
  C3232SOK
  C3232SX3
  C3232SX2
  avoid_comfrem
  LOOPU3232A
  UADD22LA
  UOK22LA
  UADD22L8
  UOK22L8
  LOOPU3232B
  UADD22LB
  UOK22LB
  UADD22L16
  UOK22L16
  LOOPU3232C
  UADD22LC
  UOK22LC
  UADD22L24
  UOK22L24
  LOOPU3232D
  UADD22LD
  UOK22LD
  UOK22L
  _NEXT
  _EXIT2
  _LOOP
  _EXIT1
  _IF_FIRST
  _IF_SECOND
  _INVERCE_FIRST
  _MULT
  _INBERSE_SECOND
  _EXIT
  _Div_8x8_U
  _Div_16x16_U
  _Div_16x16_S_L
  _Div_16x16_S
  _Div_8x8_S
  _Mul_8x8_S
  _Mul_16x16_U
  _Mul_16x16_S
  _SDIV3232L
  _COMFREM
  _Div_32x32_S
  _Div_32x32_U
  _Mul_32x32_U
  _Mul_32x32_S
  _CC2D_Loop1
  _CC2DL_Loop1
  L_longjmp2
  ___CC2D
  ___CC2DW
  _____DoIFC
  _Swap
  _setjmp
  _longjmp
  L_UART1_Init0
  L_UART1_Init1
  L_UART1_Read2
  L_UART1_Write3
  L_UART1_Write4
  L_UART1_Write_Text5
  L_UART1_Write_Text6
  L_UART1_Read_Text7
  L_UART1_Read_Text8
  L_UART1_Read_Text9
  L_UART1_Read_Text10
  L_UART1_Read_Text11
  L_UART1_Read_Text12
  L_UART1_Read_Text13
  L_UART1_Read_Text14
  L_UART1_Read_Text15
  _UART1_Init
  _UART1_Data_Ready
  _UART1_Read
  _UART1_Tx_Idle
  _UART1_Write
  _UART1_Write_Text
  _UART1_Read_Text
  _UART_Set_Active
  L_interrupt0
  L_interrupt1
  L_interrupt2
  L_interrupt3
  L_Le_Teclado4
  L_Le_Teclado5
  L_Le_Teclado6
  L_Le_Teclado7
  L_Le_Teclado8
  L_Le_Teclado9
  L_Le_Teclado10
  L_Le_Teclado11
  L_Le_Teclado12
  L_Le_Teclado13
  L_Le_Teclado14
  L_Le_Teclado15
  L_Le_Teclado16
  L_Le_Teclado17
  L_Le_Teclado18
  L_Le_Teclado19
  L_Le_Teclado20
  L_Le_Teclado21
  L_Le_Teclado22
  L_Le_Teclado23
  L_Le_Teclado24
  L_Le_Teclado25
  L_Le_Teclado26
  L_Le_Teclado27
  L_Le_Teclado28
  L_Le_Teclado29
  L_Le_Teclado30
  L_Le_Teclado31
  L_Le_Teclado32
  L_Le_Teclado33
  L_Le_Teclado34
  L_Le_Teclado35
  L_Le_Teclado36
  L_Le_Teclado37
  L_Le_Teclado38
  L_Le_Teclado39
  L_Le_Teclado40
  L_Le_Teclado41
  L_Le_Teclado42
  L_Le_Teclado43
  L_Le_Teclado44
  L_Le_Teclado45
  L_Le_Teclado46
  L_Le_Teclado47
  L_Le_Teclado48
  L_Le_Teclado49
  L_Le_Teclado50
  L_Le_Teclado51
  L_Move_Delay52
  L_CustomChar53
  L_CustomChar54
  L_CustomChar55
  L_CustomChar56
  L_CustomChar57
  L_CustomChar58
  L_CustomChar59
  L_CustomChar60
  L_CustomChar61
  L_CustomChar62
  L_CustomChar63
  L_CustomChar64
  L_Create_World65
  L_Create_World66
  L_Create_World67
  L_Create_World68
  L_Create_World69
  L_Create_World70
  L_Print_World71
  L_Print_World72
  L_Print_World73
  L_Print_World74
  L_Print_World75
  L_Print_World76
  L_update_pacman_orientation77
  L_update_pacman_orientation78
  L_update_pacman_orientation79
  L_update_pacman_orientation80
  L_update_pacman_orientation81
  L_update_pacman_orientation82
  L_update_pacman_orientation83
  L_Alert84
  L_Alert85
  L_Alert86
  L_Alert87
  L_Alert88
  L_Alert89
  L_Write_EEPROM90
  _interrupt
  L__interrupt91
  L__interrupt92
  L__interrupt93
  _InitTimer2
  _Le_Teclado
  _Pula_Linha
  _Move_Delay
  _CustomChar
  _Create_World
  L__Create_World94
  L__Create_World95
  _Print_World
  L__Print_World96
  L__Print_World97
  _update_pacman_orientation
  L__update_pacman_orientation98
  L__update_pacman_orientation99
  L__update_pacman_orientation100
  L__update_pacman_orientation101
  _Alert
  L__Alert102
  L__Alert103
  _Write_EEPROM
  _Read_EEPROM
  _Write_RTC
  _Read_RTC
  _Transform_Time
  _main
